APP: 2026/01/21 02:22:53 log.go:24: false
APP: 2026/01/21 02:22:53 log.go:24: true
APP: 2026/01/21 02:22:59 log.go:24: false
APP: 2026/01/21 02:23:32 log.go:24: false
APP: 2026/01/21 02:23:32 log.go:24: true
APP: 2026/01/21 02:23:33 log.go:24: tick
APP: 2026/01/21 02:23:33 log.go:24: tick
APP: 2026/01/21 02:23:34 log.go:24: tick
APP: 2026/01/21 02:23:34 log.go:24: tick
APP: 2026/01/21 02:23:35 log.go:24: tick
APP: 2026/01/21 02:23:35 log.go:24: false
APP: 2026/01/21 02:25:09 log.go:24: false
APP: 2026/01/21 02:25:09 log.go:24: true
APP: 2026/01/21 02:25:09 log.go:24: tick
APP: 2026/01/21 02:25:10 log.go:24: tick
APP: 2026/01/21 02:25:10 log.go:24: tick
APP: 2026/01/21 02:25:11 log.go:24: tick
APP: 2026/01/21 02:25:11 log.go:24: tick
APP: 2026/01/21 02:25:12 log.go:24: tick
APP: 2026/01/21 02:25:12 log.go:24: tick
APP: 2026/01/21 02:25:13 log.go:24: false
APP: 2026/01/21 02:27:11 log.go:24: false
APP: 2026/01/21 02:27:11 log.go:24: true
APP: 2026/01/21 02:27:11 log.go:24: false
APP: 2026/01/21 02:27:11 log.go:24: true
APP: 2026/01/21 02:27:11 log.go:24: tick
APP: 2026/01/21 02:27:12 log.go:24: false
APP: 2026/01/21 02:27:12 log.go:24: tick
APP: 2026/01/21 02:27:12 log.go:24: true
APP: 2026/01/21 02:27:12 log.go:24: tick
APP: 2026/01/21 02:27:13 log.go:24: false
APP: 2026/01/21 02:27:13 log.go:24: tick
APP: 2026/01/21 02:27:13 log.go:24: true
APP: 2026/01/21 02:27:13 log.go:24: tick
APP: 2026/01/21 02:27:14 log.go:24: false
APP: 2026/01/21 02:27:14 log.go:24: tick
APP: 2026/01/21 02:27:14 log.go:24: true
APP: 2026/01/21 02:27:14 log.go:24: tick
APP: 2026/01/21 02:27:15 log.go:24: false
APP: 2026/01/21 02:27:15 log.go:24: tick
APP: 2026/01/21 02:27:15 log.go:24: true
APP: 2026/01/21 02:27:15 log.go:24: tick
APP: 2026/01/21 02:27:16 log.go:24: false
APP: 2026/01/21 02:27:16 log.go:24: tick
APP: 2026/01/21 02:27:16 log.go:24: true
APP: 2026/01/21 02:27:16 log.go:24: tick
APP: 2026/01/21 02:27:17 log.go:24: false
APP: 2026/01/21 02:27:17 log.go:24: tick
APP: 2026/01/21 02:27:17 log.go:24: true
APP: 2026/01/21 02:27:17 log.go:24: tick
APP: 2026/01/21 02:27:18 log.go:24: false
APP: 2026/01/21 02:27:18 log.go:24: tick
APP: 2026/01/21 02:27:18 log.go:24: true
APP: 2026/01/21 02:27:18 log.go:24: tick
APP: 2026/01/21 02:27:19 log.go:24: false
APP: 2026/01/21 02:27:19 log.go:24: tick
APP: 2026/01/21 02:27:19 log.go:24: true
APP: 2026/01/21 02:27:19 log.go:24: tick
APP: 2026/01/21 02:27:20 log.go:24: false
APP: 2026/01/21 02:27:20 log.go:24: tick
APP: 2026/01/21 02:27:20 log.go:24: true
APP: 2026/01/21 02:27:20 log.go:24: tick
APP: 2026/01/21 02:27:21 log.go:24: false
APP: 2026/01/21 02:27:21 log.go:24: tick
APP: 2026/01/21 02:27:21 log.go:24: true
APP: 2026/01/21 02:27:21 log.go:24: tick
APP: 2026/01/21 02:27:22 log.go:24: false
APP: 2026/01/21 02:27:22 log.go:24: tick
APP: 2026/01/21 02:27:22 log.go:24: true
APP: 2026/01/21 02:27:22 log.go:24: tick
APP: 2026/01/21 02:27:23 log.go:24: false
APP: 2026/01/21 02:27:23 log.go:24: tick
APP: 2026/01/21 02:27:23 log.go:24: true
APP: 2026/01/21 02:27:23 log.go:24: tick
APP: 2026/01/21 02:27:23 log.go:24: false
APP: 2026/01/21 02:29:43 log.go:24: false
APP: 2026/01/21 02:29:43 log.go:24: true
APP: 2026/01/21 02:29:43 log.go:24: false
APP: 2026/01/21 02:29:44 log.go:24: true
APP: 2026/01/21 02:29:44 log.go:24: false
APP: 2026/01/21 02:29:44 log.go:24: tick
APP: 2026/01/21 02:29:44 log.go:24: true
APP: 2026/01/21 02:29:44 log.go:24: false
APP: 2026/01/21 02:29:44 log.go:24: true
APP: 2026/01/21 02:29:44 log.go:24: false
APP: 2026/01/21 02:29:44 log.go:24: tick
APP: 2026/01/21 02:29:44 log.go:24: true
APP: 2026/01/21 02:29:45 log.go:24: false
APP: 2026/01/21 02:29:45 log.go:24: true
APP: 2026/01/21 02:29:45 log.go:24: false
APP: 2026/01/21 02:29:45 log.go:24: tick
APP: 2026/01/21 02:29:45 log.go:24: true
APP: 2026/01/21 02:29:45 log.go:24: false
APP: 2026/01/21 02:29:45 log.go:24: true
APP: 2026/01/21 02:29:45 log.go:24: tick
APP: 2026/01/21 02:29:45 log.go:24: false
APP: 2026/01/21 02:29:46 log.go:24: true
APP: 2026/01/21 02:29:46 log.go:24: false
APP: 2026/01/21 02:29:46 log.go:24: true
APP: 2026/01/21 02:29:46 log.go:24: false
APP: 2026/01/21 02:29:46 log.go:24: true
APP: 2026/01/21 02:29:46 log.go:24: false
APP: 2026/01/21 02:29:46 log.go:24: tick
APP: 2026/01/21 02:29:46 log.go:24: true
APP: 2026/01/21 02:29:46 log.go:24: false
APP: 2026/01/21 02:29:46 log.go:24: true
APP: 2026/01/21 02:29:46 log.go:24: false
APP: 2026/01/21 02:29:46 log.go:24: true
APP: 2026/01/21 02:29:46 log.go:24: false
APP: 2026/01/21 02:29:46 log.go:24: true
APP: 2026/01/21 02:29:46 log.go:24: false
APP: 2026/01/21 02:29:46 log.go:24: true
APP: 2026/01/21 02:29:46 log.go:24: false
APP: 2026/01/21 02:29:46 log.go:24: true
APP: 2026/01/21 02:29:46 log.go:24: false
APP: 2026/01/21 02:29:46 log.go:24: true
APP: 2026/01/21 02:29:46 log.go:24: false
APP: 2026/01/21 02:29:46 log.go:24: true
APP: 2026/01/21 02:29:46 log.go:24: tick
APP: 2026/01/21 02:29:46 log.go:24: false
APP: 2026/01/21 02:29:46 log.go:24: true
APP: 2026/01/21 02:29:46 log.go:24: false
APP: 2026/01/21 02:29:46 log.go:24: true
APP: 2026/01/21 02:29:46 log.go:24: false
APP: 2026/01/21 02:29:46 log.go:24: true
APP: 2026/01/21 02:29:47 log.go:24: false
APP: 2026/01/21 02:29:47 log.go:24: true
APP: 2026/01/21 02:29:47 log.go:24: false
APP: 2026/01/21 02:29:47 log.go:24: true
APP: 2026/01/21 02:29:47 log.go:24: false
APP: 2026/01/21 02:29:47 log.go:24: true
APP: 2026/01/21 02:29:47 log.go:24: false
APP: 2026/01/21 02:29:47 log.go:24: true
APP: 2026/01/21 02:29:47 log.go:24: false
APP: 2026/01/21 02:29:47 log.go:24: tick
APP: 2026/01/21 02:29:47 log.go:24: true
APP: 2026/01/21 02:29:47 log.go:24: false
APP: 2026/01/21 02:29:47 log.go:24: true
APP: 2026/01/21 02:29:47 log.go:24: false
APP: 2026/01/21 02:29:47 log.go:24: true
APP: 2026/01/21 02:29:47 log.go:24: tick
APP: 2026/01/21 02:29:48 log.go:24: false
APP: 2026/01/21 02:29:48 log.go:24: true
APP: 2026/01/21 02:29:48 log.go:24: tick
APP: 2026/01/21 02:29:48 log.go:24: false
APP: 2026/01/21 02:29:48 log.go:24: true
APP: 2026/01/21 02:29:48 log.go:24: tick
APP: 2026/01/21 02:29:48 log.go:24: false
APP: 2026/01/21 02:29:49 log.go:24: true
APP: 2026/01/21 02:29:49 log.go:24: false
APP: 2026/01/21 02:29:49 log.go:24: tick
APP: 2026/01/21 02:29:49 log.go:24: true
APP: 2026/01/21 02:29:49 log.go:24: false
APP: 2026/01/21 02:29:49 log.go:24: true
APP: 2026/01/21 02:29:49 log.go:24: tick
APP: 2026/01/21 02:29:49 log.go:24: false
APP: 2026/01/21 02:29:50 log.go:24: true
APP: 2026/01/21 02:29:50 log.go:24: false
APP: 2026/01/21 02:29:50 log.go:24: true
APP: 2026/01/21 02:29:50 log.go:24: tick
APP: 2026/01/21 02:29:50 log.go:24: false
APP: 2026/01/21 02:29:50 log.go:24: true
APP: 2026/01/21 02:29:50 log.go:24: false
APP: 2026/01/21 02:29:50 log.go:24: tick
APP: 2026/01/21 02:29:50 log.go:24: true
APP: 2026/01/21 02:29:51 log.go:24: false
APP: 2026/01/21 02:29:51 log.go:24: true
APP: 2026/01/21 02:29:51 log.go:24: tick
APP: 2026/01/21 02:29:51 log.go:24: false
APP: 2026/01/21 02:29:51 log.go:24: true
APP: 2026/01/21 02:29:51 log.go:24: tick
APP: 2026/01/21 02:29:51 log.go:24: false
APP: 2026/01/21 02:29:51 log.go:24: true
APP: 2026/01/21 02:29:52 log.go:24: false
APP: 2026/01/21 02:29:52 log.go:24: true
APP: 2026/01/21 02:29:52 log.go:24: false
APP: 2026/01/21 02:29:52 log.go:24: tick
APP: 2026/01/21 02:29:52 log.go:24: true
APP: 2026/01/21 02:29:52 log.go:24: false
APP: 2026/01/21 02:29:52 log.go:24: true
APP: 2026/01/21 02:29:52 log.go:24: false
APP: 2026/01/21 02:29:52 log.go:24: true
APP: 2026/01/21 02:29:52 log.go:24: false
APP: 2026/01/21 02:29:52 log.go:24: true
APP: 2026/01/21 02:29:52 log.go:24: false
APP: 2026/01/21 02:29:52 log.go:24: true
APP: 2026/01/21 02:29:52 log.go:24: false
APP: 2026/01/21 02:29:52 log.go:24: true
APP: 2026/01/21 02:29:52 log.go:24: false
APP: 2026/01/21 02:29:52 log.go:24: true
APP: 2026/01/21 02:29:52 log.go:24: false
APP: 2026/01/21 02:29:52 log.go:24: tick
APP: 2026/01/21 02:29:52 log.go:24: true
APP: 2026/01/21 02:29:52 log.go:24: false
APP: 2026/01/21 02:29:52 log.go:24: true
APP: 2026/01/21 02:29:52 log.go:24: false
APP: 2026/01/21 02:29:52 log.go:24: true
APP: 2026/01/21 02:29:52 log.go:24: false
APP: 2026/01/21 02:29:53 log.go:24: true
APP: 2026/01/21 02:29:53 log.go:24: false
APP: 2026/01/21 02:29:53 log.go:24: true
APP: 2026/01/21 02:29:53 log.go:24: false
APP: 2026/01/21 02:29:53 log.go:24: true
APP: 2026/01/21 02:29:53 log.go:24: false
APP: 2026/01/21 02:29:53 log.go:24: true
APP: 2026/01/21 02:29:53 log.go:24: false
APP: 2026/01/21 02:29:53 log.go:24: true
APP: 2026/01/21 02:29:53 log.go:24: tick
APP: 2026/01/21 02:29:53 log.go:24: false
APP: 2026/01/21 02:29:53 log.go:24: true
APP: 2026/01/21 02:29:53 log.go:24: false
APP: 2026/01/21 02:29:53 log.go:24: true
APP: 2026/01/21 02:29:53 log.go:24: false
APP: 2026/01/21 02:29:53 log.go:24: true
APP: 2026/01/21 02:29:53 log.go:24: false
APP: 2026/01/21 02:29:53 log.go:24: true
APP: 2026/01/21 02:29:53 log.go:24: false
APP: 2026/01/21 02:29:53 log.go:24: true
APP: 2026/01/21 02:29:53 log.go:24: false
APP: 2026/01/21 02:29:53 log.go:24: true
APP: 2026/01/21 02:29:53 log.go:24: false
APP: 2026/01/21 02:29:53 log.go:24: tick
APP: 2026/01/21 02:29:54 log.go:24: true
APP: 2026/01/21 02:29:54 log.go:24: tick
APP: 2026/01/21 02:29:54 log.go:24: false
APP: 2026/01/21 02:30:00 log.go:24: false
APP: 2026/01/21 02:30:00 log.go:24: true
APP: 2026/01/21 02:30:00 log.go:24: false
APP: 2026/01/21 02:30:00 log.go:24: true
APP: 2026/01/21 02:30:01 log.go:24: false
APP: 2026/01/21 02:30:01 log.go:24: tick
APP: 2026/01/21 02:30:01 log.go:24: true
APP: 2026/01/21 02:30:01 log.go:24: false
APP: 2026/01/21 02:30:01 log.go:24: true
APP: 2026/01/21 02:30:01 log.go:24: false
APP: 2026/01/21 02:30:01 log.go:24: true
APP: 2026/01/21 02:30:01 log.go:24: false
APP: 2026/01/21 02:30:01 log.go:24: true
APP: 2026/01/21 02:30:01 log.go:24: false
APP: 2026/01/21 02:30:01 log.go:24: true
APP: 2026/01/21 02:30:01 log.go:24: false
APP: 2026/01/21 02:30:01 log.go:24: true
APP: 2026/01/21 02:30:01 log.go:24: false
APP: 2026/01/21 02:30:01 log.go:24: tick
APP: 2026/01/21 02:30:01 log.go:24: true
APP: 2026/01/21 02:30:01 log.go:24: false
APP: 2026/01/21 02:30:01 log.go:24: true
APP: 2026/01/21 02:30:01 log.go:24: false
APP: 2026/01/21 02:30:01 log.go:24: true
APP: 2026/01/21 02:30:01 log.go:24: false
APP: 2026/01/21 02:30:01 log.go:24: true
APP: 2026/01/21 02:30:01 log.go:24: false
APP: 2026/01/21 02:30:01 log.go:24: true
APP: 2026/01/21 02:30:01 log.go:24: false
APP: 2026/01/21 02:30:02 log.go:24: true
APP: 2026/01/21 02:30:02 log.go:24: false
APP: 2026/01/21 02:30:02 log.go:24: true
APP: 2026/01/21 02:30:02 log.go:24: false
APP: 2026/01/21 02:30:02 log.go:24: true
APP: 2026/01/21 02:30:02 log.go:24: tick
APP: 2026/01/21 02:30:02 log.go:24: false
APP: 2026/01/21 02:30:02 log.go:24: true
APP: 2026/01/21 02:30:02 log.go:24: false
APP: 2026/01/21 02:30:02 log.go:24: true
APP: 2026/01/21 02:30:02 log.go:24: false
APP: 2026/01/21 02:30:02 log.go:24: tick
APP: 2026/01/21 02:30:03 log.go:24: true
APP: 2026/01/21 02:31:06 log.go:24: false
APP: 2026/01/21 02:31:06 log.go:24: true
APP: 2026/01/21 02:31:06 log.go:24: false
APP: 2026/01/21 02:31:07 log.go:24: true
APP: 2026/01/21 02:31:07 log.go:24: tick
APP: 2026/01/21 02:31:07 log.go:24: false
APP: 2026/01/21 02:31:07 log.go:24: tick
APP: 2026/01/21 02:31:08 log.go:24: true
APP: 2026/01/21 02:31:08 log.go:24: tick
APP: 2026/01/21 02:31:08 log.go:24: false
APP: 2026/01/21 02:31:08 log.go:24: true
APP: 2026/01/21 02:31:08 log.go:24: tick
APP: 2026/01/21 02:31:08 log.go:24: false
APP: 2026/01/21 02:31:09 log.go:24: true
APP: 2026/01/21 02:31:09 log.go:24: tick
APP: 2026/01/21 02:31:09 log.go:24: false
APP: 2026/01/21 02:31:09 log.go:24: true
APP: 2026/01/21 02:31:09 log.go:24: false
APP: 2026/01/21 02:31:09 log.go:24: true
APP: 2026/01/21 02:31:09 log.go:24: tick
APP: 2026/01/21 02:31:09 log.go:24: false
APP: 2026/01/21 02:31:10 log.go:24: true
APP: 2026/01/21 02:31:10 log.go:24: false
APP: 2026/01/21 02:31:10 log.go:24: true
APP: 2026/01/21 02:31:10 log.go:24: tick
APP: 2026/01/21 02:31:10 log.go:24: false
APP: 2026/01/21 02:31:10 log.go:24: true
APP: 2026/01/21 02:31:10 log.go:24: false
APP: 2026/01/21 02:31:10 log.go:24: true
APP: 2026/01/21 02:31:10 log.go:24: false
APP: 2026/01/21 02:31:10 log.go:24: true
APP: 2026/01/21 02:31:10 log.go:24: false
APP: 2026/01/21 02:31:10 log.go:24: true
APP: 2026/01/21 02:31:10 log.go:24: false
APP: 2026/01/21 02:31:10 log.go:24: tick
APP: 2026/01/21 02:31:10 log.go:24: true
APP: 2026/01/21 02:31:11 log.go:24: false
APP: 2026/01/21 02:31:11 log.go:24: tick
APP: 2026/01/21 02:31:11 log.go:24: true
APP: 2026/01/21 02:31:11 log.go:24: false
APP: 2026/01/21 02:31:11 log.go:24: true
APP: 2026/01/21 02:31:11 log.go:24: tick
APP: 2026/01/21 02:31:11 log.go:24: false
APP: 2026/01/21 02:31:11 log.go:24: true
APP: 2026/01/21 02:31:12 log.go:24: false
APP: 2026/01/21 02:31:12 log.go:24: true
APP: 2026/01/21 02:31:12 log.go:24: tick
APP: 2026/01/21 02:31:12 log.go:24: false
APP: 2026/01/21 02:31:27 log.go:24: false
APP: 2026/01/21 02:31:27 log.go:24: true
APP: 2026/01/21 02:31:27 log.go:24: false
APP: 2026/01/21 02:31:27 log.go:24: true
APP: 2026/01/21 02:31:27 log.go:24: tick
APP: 2026/01/21 02:31:28 log.go:24: false
APP: 2026/01/21 02:31:28 log.go:24: tick
APP: 2026/01/21 02:31:28 log.go:24: true
APP: 2026/01/21 02:31:28 log.go:24: tick
APP: 2026/01/21 02:31:28 log.go:24: false
APP: 2026/01/21 02:31:29 log.go:24: true
APP: 2026/01/21 02:31:29 log.go:24: false
APP: 2026/01/21 02:31:29 log.go:24: tick
APP: 2026/01/21 02:31:29 log.go:24: true
APP: 2026/01/21 02:31:29 log.go:24: false
APP: 2026/01/21 02:31:29 log.go:24: true
APP: 2026/01/21 02:31:29 log.go:24: false
APP: 2026/01/21 02:31:29 log.go:24: true
APP: 2026/01/21 02:31:29 log.go:24: false
APP: 2026/01/21 02:31:29 log.go:24: tick
APP: 2026/01/21 02:31:29 log.go:24: true
APP: 2026/01/21 02:31:29 log.go:24: false
APP: 2026/01/21 02:31:29 log.go:24: true
APP: 2026/01/21 02:31:29 log.go:24: false
APP: 2026/01/21 02:31:30 log.go:24: true
APP: 2026/01/21 02:31:30 log.go:24: false
APP: 2026/01/21 02:31:30 log.go:24: true
APP: 2026/01/21 02:31:30 log.go:24: false
APP: 2026/01/21 02:31:30 log.go:24: true
APP: 2026/01/21 02:31:30 log.go:24: false
APP: 2026/01/21 02:31:30 log.go:24: true
APP: 2026/01/21 02:31:30 log.go:24: tick
APP: 2026/01/21 02:31:30 log.go:24: false
APP: 2026/01/21 02:31:30 log.go:24: true
APP: 2026/01/21 02:31:30 log.go:24: false
APP: 2026/01/21 02:31:30 log.go:24: true
APP: 2026/01/21 02:31:30 log.go:24: false
APP: 2026/01/21 02:31:30 log.go:24: true
APP: 2026/01/21 02:31:30 log.go:24: false
APP: 2026/01/21 02:31:30 log.go:24: true
APP: 2026/01/21 02:31:30 log.go:24: tick
APP: 2026/01/21 02:42:42 log.go:24: false
APP: 2026/01/21 02:42:42 log.go:24: true
APP: 2026/01/21 02:42:42 log.go:24: false
APP: 2026/01/21 02:42:42 log.go:24: true
APP: 2026/01/21 02:42:42 log.go:24: tick
APP: 2026/01/21 02:42:43 log.go:24: false
APP: 2026/01/21 02:42:43 log.go:24: tick
APP: 2026/01/21 02:42:43 log.go:24: true
APP: 2026/01/21 02:42:43 log.go:24: false
APP: 2026/01/21 02:42:43 log.go:24: tick
APP: 2026/01/21 02:42:43 log.go:24: true
APP: 2026/01/21 02:42:44 log.go:24: false
APP: 2026/01/21 02:42:44 log.go:24: true
APP: 2026/01/21 02:42:44 log.go:24: false
APP: 2026/01/21 02:42:44 log.go:24: tick
APP: 2026/01/21 02:42:44 log.go:24: true
APP: 2026/01/21 02:42:44 log.go:24: false
APP: 2026/01/21 02:42:44 log.go:24: true
APP: 2026/01/21 02:42:44 log.go:24: false
APP: 2026/01/21 02:42:44 log.go:24: true
APP: 2026/01/21 02:42:44 log.go:24: tick
APP: 2026/01/21 02:42:44 log.go:24: false
APP: 2026/01/21 02:42:44 log.go:24: true
APP: 2026/01/21 02:42:44 log.go:24: false
APP: 2026/01/21 02:42:45 log.go:24: true
APP: 2026/01/21 02:42:45 log.go:24: false
APP: 2026/01/21 02:42:45 log.go:24: true
APP: 2026/01/21 02:42:45 log.go:24: false
APP: 2026/01/21 02:42:45 log.go:24: true
APP: 2026/01/21 02:42:45 log.go:24: false
APP: 2026/01/21 02:42:45 log.go:24: true
APP: 2026/01/21 02:42:45 log.go:24: false
APP: 2026/01/21 02:42:45 log.go:24: true
APP: 2026/01/21 02:42:45 log.go:24: false
APP: 2026/01/21 02:42:45 log.go:24: true
APP: 2026/01/21 02:42:45 log.go:24: false
APP: 2026/01/21 02:42:45 log.go:24: tick
APP: 2026/01/21 02:42:45 log.go:24: true
APP: 2026/01/21 02:42:45 log.go:24: false
APP: 2026/01/21 02:42:45 log.go:24: true
APP: 2026/01/21 02:42:45 log.go:24: false
APP: 2026/01/21 02:42:45 log.go:24: tick
APP: 2026/01/21 02:42:46 log.go:24: true
APP: 2026/01/21 02:42:46 log.go:24: false
APP: 2026/01/21 02:42:46 log.go:24: tick
APP: 2026/01/21 02:42:46 log.go:24: true
APP: 2026/01/21 02:42:46 log.go:24: tick
APP: 2026/01/21 02:42:47 log.go:24: false
APP: 2026/01/21 02:42:47 log.go:24: tick
APP: 2026/01/21 02:42:47 log.go:24: true
APP: 2026/01/21 02:42:47 log.go:24: false
APP: 2026/01/21 02:42:47 log.go:24: tick
APP: 2026/01/21 02:42:48 log.go:24: true
APP: 2026/01/21 02:42:48 log.go:24: tick
APP: 2026/01/21 02:42:48 log.go:24: false
APP: 2026/01/21 02:42:48 log.go:24: tick
APP: 2026/01/21 02:42:49 log.go:24: true
APP: 2026/01/21 02:42:49 log.go:24: tick
APP: 2026/01/21 02:42:49 log.go:24: false
APP: 2026/01/21 02:42:49 log.go:24: tick
APP: 2026/01/21 02:42:50 log.go:24: true
APP: 2026/01/21 02:42:50 log.go:24: false
APP: 2026/01/21 02:42:50 log.go:24: true
APP: 2026/01/21 02:42:50 log.go:24: tick
APP: 2026/01/21 02:42:50 log.go:24: false
APP: 2026/01/21 02:42:50 log.go:24: tick
APP: 2026/01/21 02:42:51 log.go:24: true
APP: 2026/01/21 02:42:51 log.go:24: tick
APP: 2026/01/21 02:42:51 log.go:24: false
APP: 2026/01/21 02:42:51 log.go:24: tick
APP: 2026/01/21 02:42:52 log.go:24: true
APP: 2026/01/21 02:42:52 log.go:24: tick
APP: 2026/01/21 02:42:52 log.go:24: false
APP: 2026/01/21 02:42:52 log.go:24: tick
APP: 2026/01/21 02:42:53 log.go:24: true
APP: 2026/01/21 02:42:53 log.go:24: tick
APP: 2026/01/21 02:42:53 log.go:24: false
APP: 2026/01/21 02:42:53 log.go:24: tick
APP: 2026/01/21 02:42:54 log.go:24: true
APP: 2026/01/21 02:42:54 log.go:24: tick
APP: 2026/01/21 02:42:54 log.go:24: false
APP: 2026/01/21 02:42:54 log.go:24: tick
APP: 2026/01/21 02:42:55 log.go:24: true
APP: 2026/01/21 02:42:55 log.go:24: tick
APP: 2026/01/21 02:42:55 log.go:24: false
APP: 2026/01/21 02:42:55 log.go:24: tick
APP: 2026/01/21 02:42:56 log.go:24: true
APP: 2026/01/21 02:42:56 log.go:24: tick
APP: 2026/01/21 02:42:56 log.go:24: false
APP: 2026/01/21 02:42:56 log.go:24: tick
APP: 2026/01/21 02:42:57 log.go:24: true
APP: 2026/01/21 02:42:57 log.go:24: tick
APP: 2026/01/21 02:42:57 log.go:24: false
APP: 2026/01/21 02:42:57 log.go:24: tick
APP: 2026/01/21 02:42:58 log.go:24: true
APP: 2026/01/21 02:42:58 log.go:24: tick
APP: 2026/01/21 02:42:58 log.go:24: false
APP: 2026/01/21 02:42:58 log.go:24: tick
APP: 2026/01/21 02:42:59 log.go:24: true
APP: 2026/01/21 02:42:59 log.go:24: tick
APP: 2026/01/21 02:42:59 log.go:24: false
APP: 2026/01/21 02:42:59 log.go:24: tick
APP: 2026/01/21 02:43:00 log.go:24: true
APP: 2026/01/21 02:43:00 log.go:24: tick
APP: 2026/01/21 02:43:00 log.go:24: false
APP: 2026/01/21 02:43:00 log.go:24: tick
APP: 2026/01/21 02:43:01 log.go:24: true
APP: 2026/01/21 02:43:01 log.go:24: tick
APP: 2026/01/21 02:43:01 log.go:24: false
APP: 2026/01/21 02:43:01 log.go:24: tick
APP: 2026/01/21 02:43:02 log.go:24: true
APP: 2026/01/21 02:43:02 log.go:24: tick
APP: 2026/01/21 02:43:02 log.go:24: false
APP: 2026/01/21 02:43:02 log.go:24: tick
APP: 2026/01/21 02:43:03 log.go:24: true
APP: 2026/01/21 02:43:03 log.go:24: tick
APP: 2026/01/21 02:43:03 log.go:24: false
APP: 2026/01/21 02:43:03 log.go:24: tick
APP: 2026/01/21 02:43:04 log.go:24: true
APP: 2026/01/21 02:43:04 log.go:24: tick
APP: 2026/01/21 02:43:04 log.go:24: false
APP: 2026/01/21 02:43:04 log.go:24: tick
APP: 2026/01/21 02:43:05 log.go:24: true
APP: 2026/01/21 02:43:05 log.go:24: tick
APP: 2026/01/21 02:43:05 log.go:24: false
APP: 2026/01/21 02:43:05 log.go:24: tick
APP: 2026/01/21 02:43:06 log.go:24: true
APP: 2026/01/21 02:43:06 log.go:24: tick
APP: 2026/01/21 02:43:06 log.go:24: false
APP: 2026/01/21 02:43:06 log.go:24: tick
APP: 2026/01/21 02:43:31 log.go:24: Initializing
APP: 2026/01/21 02:43:31 log.go:24: false
APP: 2026/01/21 02:43:31 log.go:24: true
APP: 2026/01/21 02:43:31 log.go:24: false
APP: 2026/01/21 02:43:32 log.go:24: true
APP: 2026/01/21 02:43:32 log.go:24: tick
APP: 2026/01/21 02:43:32 log.go:24: false
APP: 2026/01/21 02:43:32 log.go:24: tick
APP: 2026/01/21 02:43:33 log.go:24: true
APP: 2026/01/21 02:43:33 log.go:24: tick
APP: 2026/01/21 02:43:33 log.go:24: false
APP: 2026/01/21 02:43:33 log.go:24: tick
APP: 2026/01/21 02:43:34 log.go:24: true
APP: 2026/01/21 02:43:34 log.go:24: false
APP: 2026/01/21 02:43:34 log.go:24: true
APP: 2026/01/21 02:43:34 log.go:24: tick
APP: 2026/01/21 02:43:34 log.go:24: false
APP: 2026/01/21 02:43:34 log.go:24: tick
APP: 2026/01/21 02:43:35 log.go:24: true
APP: 2026/01/21 02:43:35 log.go:24: tick
APP: 2026/01/21 02:43:35 log.go:24: false
APP: 2026/01/21 02:43:35 log.go:24: tick
APP: 2026/01/21 02:43:36 log.go:24: true
APP: 2026/01/21 02:43:36 log.go:24: tick
APP: 2026/01/21 02:43:36 log.go:24: false
APP: 2026/01/21 02:43:36 log.go:24: tick
APP: 2026/01/21 02:43:37 log.go:24: true
APP: 2026/01/21 02:43:37 log.go:24: tick
APP: 2026/01/21 02:43:37 log.go:24: false
APP: 2026/01/21 02:43:37 log.go:24: tick
APP: 2026/01/21 02:43:38 log.go:24: true
APP: 2026/01/21 02:43:38 log.go:24: tick
APP: 2026/01/21 02:43:38 log.go:24: false
APP: 2026/01/21 02:43:38 log.go:24: tick
APP: 2026/01/21 02:43:39 log.go:24: true
APP: 2026/01/21 02:43:39 log.go:24: tick
APP: 2026/01/21 02:43:39 log.go:24: false
APP: 2026/01/21 02:43:39 log.go:24: tick
APP: 2026/01/21 02:43:40 log.go:24: true
APP: 2026/01/21 02:43:40 log.go:24: tick
APP: 2026/01/21 02:43:40 log.go:24: false
APP: 2026/01/21 02:43:40 log.go:24: tick
APP: 2026/01/21 02:44:03 log.go:24: Initializing
APP: 2026/01/21 02:44:03 log.go:24: false
APP: 2026/01/21 02:44:03 log.go:24: true
APP: 2026/01/21 02:44:03 log.go:24: false
APP: 2026/01/21 02:44:04 log.go:24: true
APP: 2026/01/21 02:44:04 log.go:24: tick
APP: 2026/01/21 02:44:04 log.go:24: false
APP: 2026/01/21 02:56:41 log.go:24: Initializing
APP: 2026/01/21 02:56:41 log.go:24: false
APP: 2026/01/21 02:56:41 log.go:24: true
APP: 2026/01/21 02:56:41 log.go:24: false
APP: 2026/01/21 02:56:41 log.go:24: true
APP: 2026/01/21 02:56:41 log.go:24: false
APP: 2026/01/21 02:56:41 log.go:24: true
APP: 2026/01/21 02:56:41 log.go:24: false
APP: 2026/01/21 02:56:41 log.go:24: true
APP: 2026/01/21 02:56:41 log.go:24: false
APP: 2026/01/21 02:56:41 log.go:24: true
APP: 2026/01/21 02:56:41 log.go:24: false
APP: 2026/01/21 02:56:41 log.go:24: true
APP: 2026/01/21 02:56:41 log.go:24: false
APP: 2026/01/21 02:56:41 log.go:24: true
APP: 2026/01/21 02:56:42 log.go:24: false
APP: 2026/01/21 02:56:42 log.go:24: true
APP: 2026/01/21 02:56:42 log.go:24: false
APP: 2026/01/21 02:56:42 log.go:24: true
APP: 2026/01/21 02:56:42 log.go:24: false
APP: 2026/01/21 02:56:42 log.go:24: true
APP: 2026/01/21 02:56:42 log.go:24: false
APP: 2026/01/21 02:56:42 log.go:24: true
APP: 2026/01/21 02:56:42 log.go:24: false
APP: 2026/01/21 02:56:42 log.go:24: true
APP: 2026/01/21 02:56:42 log.go:24: false
APP: 2026/01/21 02:56:42 log.go:24: true
APP: 2026/01/21 02:56:42 log.go:24: false
APP: 2026/01/21 02:56:42 log.go:24: true
APP: 2026/01/21 02:56:42 log.go:24: false
APP: 2026/01/21 02:56:42 log.go:24: true
APP: 2026/01/21 02:56:42 log.go:24: false
APP: 2026/01/21 02:56:42 log.go:24: true
APP: 2026/01/21 02:56:42 log.go:24: false
APP: 2026/01/21 02:56:42 log.go:24: true
APP: 2026/01/21 02:56:42 log.go:24: false
APP: 2026/01/21 02:56:42 log.go:24: true
APP: 2026/01/21 02:56:42 log.go:24: false
APP: 2026/01/21 02:56:42 log.go:24: true
APP: 2026/01/21 02:56:42 log.go:24: false
APP: 2026/01/21 02:56:42 log.go:24: true
APP: 2026/01/21 02:56:42 log.go:24: false
APP: 2026/01/21 02:56:42 log.go:24: true
APP: 2026/01/21 02:56:42 log.go:24: false
APP: 2026/01/21 02:56:42 log.go:24: true
APP: 2026/01/21 02:56:42 log.go:24: false
APP: 2026/01/21 02:56:42 log.go:24: true
APP: 2026/01/21 02:56:42 log.go:24: false
APP: 2026/01/21 02:56:42 log.go:24: true
APP: 2026/01/21 02:56:42 log.go:24: false
APP: 2026/01/21 02:56:42 log.go:24: true
APP: 2026/01/21 02:56:42 log.go:24: false
APP: 2026/01/21 02:56:42 log.go:24: true
APP: 2026/01/21 02:56:42 log.go:24: false
APP: 2026/01/21 02:56:42 log.go:24: true
APP: 2026/01/21 02:56:42 log.go:24: false
APP: 2026/01/21 02:56:42 log.go:24: true
APP: 2026/01/21 02:56:42 log.go:24: false
APP: 2026/01/21 02:56:42 log.go:24: true
APP: 2026/01/21 02:56:42 log.go:24: false
APP: 2026/01/21 02:56:42 log.go:24: true
APP: 2026/01/21 02:56:42 log.go:24: false
APP: 2026/01/21 02:56:42 log.go:24: true
APP: 2026/01/21 02:56:42 log.go:24: false
APP: 2026/01/21 02:56:42 log.go:24: true
APP: 2026/01/21 02:56:42 log.go:24: false
APP: 2026/01/21 02:56:42 log.go:24: true
APP: 2026/01/21 02:56:42 log.go:24: false
APP: 2026/01/21 02:56:42 log.go:24: true
APP: 2026/01/21 02:56:42 log.go:24: false
APP: 2026/01/21 02:56:42 log.go:24: true
APP: 2026/01/21 02:56:42 log.go:24: false
APP: 2026/01/21 02:56:42 log.go:24: true
APP: 2026/01/21 02:56:42 log.go:24: false
APP: 2026/01/21 02:56:42 log.go:24: true
APP: 2026/01/21 02:56:42 log.go:24: false
APP: 2026/01/21 02:56:42 log.go:24: true
APP: 2026/01/21 02:56:42 log.go:24: false
APP: 2026/01/21 02:56:42 log.go:24: true
APP: 2026/01/21 02:56:42 log.go:24: false
APP: 2026/01/21 02:56:42 log.go:24: true
APP: 2026/01/21 02:56:42 log.go:24: false
APP: 2026/01/21 02:56:42 log.go:24: true
APP: 2026/01/21 02:56:42 log.go:24: false
APP: 2026/01/21 02:56:42 log.go:24: true
APP: 2026/01/21 02:56:42 log.go:24: false
APP: 2026/01/21 02:56:42 log.go:24: true
APP: 2026/01/21 02:56:42 log.go:24: false
APP: 2026/01/21 02:56:42 log.go:24: true
APP: 2026/01/21 02:56:42 log.go:24: false
APP: 2026/01/21 02:56:42 log.go:24: true
APP: 2026/01/21 02:56:42 log.go:24: false
APP: 2026/01/21 02:56:42 log.go:24: true
APP: 2026/01/21 02:56:42 log.go:24: false
APP: 2026/01/21 02:56:42 log.go:24: true
APP: 2026/01/21 02:56:42 log.go:24: false
APP: 2026/01/21 02:56:42 log.go:24: true
APP: 2026/01/21 02:56:42 log.go:24: false
APP: 2026/01/21 02:56:42 log.go:24: true
APP: 2026/01/21 02:56:42 log.go:24: false
APP: 2026/01/21 02:56:42 log.go:24: true
APP: 2026/01/21 02:56:42 log.go:24: false
APP: 2026/01/21 02:56:42 log.go:24: true
APP: 2026/01/21 02:56:42 log.go:24: false
APP: 2026/01/21 02:56:42 log.go:24: true
APP: 2026/01/21 02:56:42 log.go:24: false
APP: 2026/01/21 02:56:42 log.go:24: true
APP: 2026/01/21 02:56:42 log.go:24: false
APP: 2026/01/21 02:56:42 log.go:24: true
APP: 2026/01/21 02:56:42 log.go:24: false
APP: 2026/01/21 02:56:42 log.go:24: true
APP: 2026/01/21 02:56:42 log.go:24: false
APP: 2026/01/21 02:56:42 log.go:24: true
APP: 2026/01/21 02:56:42 log.go:24: false
APP: 2026/01/21 02:56:42 log.go:24: true
APP: 2026/01/21 02:56:42 log.go:24: false
APP: 2026/01/21 02:56:42 log.go:24: true
APP: 2026/01/21 02:56:42 log.go:24: false
APP: 2026/01/21 02:56:42 log.go:24: true
APP: 2026/01/21 02:56:42 log.go:24: false
APP: 2026/01/21 02:56:42 log.go:24: true
APP: 2026/01/21 02:56:42 log.go:24: false
APP: 2026/01/21 02:56:42 log.go:24: true
APP: 2026/01/21 02:56:42 log.go:24: false
APP: 2026/01/21 02:56:42 log.go:24: true
APP: 2026/01/21 02:56:42 log.go:24: false
APP: 2026/01/21 02:56:42 log.go:24: true
APP: 2026/01/21 02:56:42 log.go:24: false
APP: 2026/01/21 02:56:42 log.go:24: true
APP: 2026/01/21 02:56:42 log.go:24: false
APP: 2026/01/21 02:56:42 log.go:24: true
APP: 2026/01/21 02:56:42 log.go:24: false
APP: 2026/01/21 02:56:42 log.go:24: true
APP: 2026/01/21 02:56:42 log.go:24: false
APP: 2026/01/21 02:56:42 log.go:24: true
APP: 2026/01/21 02:56:42 log.go:24: false
APP: 2026/01/21 02:56:42 log.go:24: true
APP: 2026/01/21 02:56:42 log.go:24: false
APP: 2026/01/21 02:56:42 log.go:24: true
APP: 2026/01/21 02:56:42 log.go:24: false
APP: 2026/01/21 02:56:42 log.go:24: true
APP: 2026/01/21 02:56:42 log.go:24: false
APP: 2026/01/21 02:56:42 log.go:24: true
APP: 2026/01/21 02:56:42 log.go:24: false
APP: 2026/01/21 02:56:42 log.go:24: true
APP: 2026/01/21 02:56:42 log.go:24: false
APP: 2026/01/21 02:56:42 log.go:24: true
APP: 2026/01/21 02:56:42 log.go:24: false
APP: 2026/01/21 02:56:42 log.go:24: true
APP: 2026/01/21 02:56:42 log.go:24: false
APP: 2026/01/21 02:56:42 log.go:24: true
APP: 2026/01/21 02:56:42 log.go:24: false
APP: 2026/01/21 02:56:42 log.go:24: true
APP: 2026/01/21 02:56:42 log.go:24: false
APP: 2026/01/21 02:56:42 log.go:24: true
APP: 2026/01/21 02:56:42 log.go:24: false
APP: 2026/01/21 02:56:42 log.go:24: true
APP: 2026/01/21 02:56:42 log.go:24: false
APP: 2026/01/21 02:56:42 log.go:24: true
APP: 2026/01/21 02:56:42 log.go:24: false
APP: 2026/01/21 02:56:42 log.go:24: true
APP: 2026/01/21 02:56:42 log.go:24: false
APP: 2026/01/21 02:56:42 log.go:24: true
APP: 2026/01/21 02:56:42 log.go:24: false
APP: 2026/01/21 02:56:42 log.go:24: true
APP: 2026/01/21 02:56:42 log.go:24: false
APP: 2026/01/21 02:56:42 log.go:24: true
APP: 2026/01/21 02:56:43 log.go:24: false
APP: 2026/01/21 02:56:43 log.go:24: true
APP: 2026/01/21 02:56:43 log.go:24: false
APP: 2026/01/21 02:56:43 log.go:24: true
APP: 2026/01/21 02:56:43 log.go:24: false
APP: 2026/01/21 02:56:43 log.go:24: true
APP: 2026/01/21 02:56:43 log.go:24: false
APP: 2026/01/21 02:56:43 log.go:24: true
APP: 2026/01/21 02:56:43 log.go:24: false
APP: 2026/01/21 02:56:43 log.go:24: true
APP: 2026/01/21 02:56:43 log.go:24: false
APP: 2026/01/21 02:56:43 log.go:24: true
APP: 2026/01/21 02:56:43 log.go:24: false
APP: 2026/01/21 02:56:43 log.go:24: true
APP: 2026/01/21 02:56:43 log.go:24: false
APP: 2026/01/21 02:56:43 log.go:24: true
APP: 2026/01/21 02:56:43 log.go:24: false
APP: 2026/01/21 02:56:43 log.go:24: true
APP: 2026/01/21 02:56:43 log.go:24: false
APP: 2026/01/21 02:56:43 log.go:24: true
APP: 2026/01/21 02:56:43 log.go:24: false
APP: 2026/01/21 02:56:43 log.go:24: true
APP: 2026/01/21 02:56:43 log.go:24: false
APP: 2026/01/21 02:56:43 log.go:24: true
APP: 2026/01/21 02:56:43 log.go:24: false
APP: 2026/01/21 02:56:43 log.go:24: true
APP: 2026/01/21 02:56:43 log.go:24: false
APP: 2026/01/21 02:56:43 log.go:24: true
APP: 2026/01/21 02:56:43 log.go:24: false
APP: 2026/01/21 02:56:43 log.go:24: true
APP: 2026/01/21 02:56:43 log.go:24: false
APP: 2026/01/21 02:56:43 log.go:24: true
APP: 2026/01/21 02:56:43 log.go:24: false
APP: 2026/01/21 02:56:43 log.go:24: true
APP: 2026/01/21 02:56:43 log.go:24: false
APP: 2026/01/21 02:56:43 log.go:24: true
APP: 2026/01/21 02:56:43 log.go:24: false
APP: 2026/01/21 02:56:43 log.go:24: true
APP: 2026/01/21 02:56:43 log.go:24: false
APP: 2026/01/21 02:56:43 log.go:24: true
APP: 2026/01/21 02:56:43 log.go:24: false
APP: 2026/01/21 02:56:43 log.go:24: true
APP: 2026/01/21 02:56:43 log.go:24: false
APP: 2026/01/21 02:56:43 log.go:24: true
APP: 2026/01/21 02:56:43 log.go:24: false
APP: 2026/01/21 02:56:43 log.go:24: true
APP: 2026/01/21 02:56:43 log.go:24: false
APP: 2026/01/21 02:56:43 log.go:24: true
APP: 2026/01/21 02:56:43 log.go:24: false
APP: 2026/01/21 02:56:43 log.go:24: true
APP: 2026/01/21 02:56:43 log.go:24: false
APP: 2026/01/21 02:56:43 log.go:24: true
APP: 2026/01/21 02:56:43 log.go:24: false
APP: 2026/01/21 02:56:43 log.go:24: true
APP: 2026/01/21 02:56:43 log.go:24: false
APP: 2026/01/21 02:56:43 log.go:24: true
APP: 2026/01/21 02:56:43 log.go:24: false
APP: 2026/01/21 02:56:43 log.go:24: true
APP: 2026/01/21 02:56:43 log.go:24: false
APP: 2026/01/21 02:56:43 log.go:24: true
APP: 2026/01/21 02:56:43 log.go:24: false
APP: 2026/01/21 02:56:43 log.go:24: true
APP: 2026/01/21 02:56:43 log.go:24: false
APP: 2026/01/21 02:56:43 log.go:24: true
APP: 2026/01/21 02:56:43 log.go:24: false
APP: 2026/01/21 02:56:43 log.go:24: true
APP: 2026/01/21 02:56:43 log.go:24: false
APP: 2026/01/21 02:56:43 log.go:24: true
APP: 2026/01/21 02:56:43 log.go:24: false
APP: 2026/01/21 02:56:43 log.go:24: true
APP: 2026/01/21 02:56:43 log.go:24: false
APP: 2026/01/21 02:56:43 log.go:24: true
APP: 2026/01/21 02:56:43 log.go:24: false
APP: 2026/01/21 02:56:43 log.go:24: true
APP: 2026/01/21 02:56:43 log.go:24: false
APP: 2026/01/21 02:56:43 log.go:24: true
APP: 2026/01/21 02:56:43 log.go:24: false
APP: 2026/01/21 02:56:43 log.go:24: true
APP: 2026/01/21 02:56:43 log.go:24: false
APP: 2026/01/21 02:56:43 log.go:24: true
APP: 2026/01/21 02:56:43 log.go:24: false
APP: 2026/01/21 02:56:43 log.go:24: true
APP: 2026/01/21 02:56:43 log.go:24: false
APP: 2026/01/21 02:56:43 log.go:24: true
APP: 2026/01/21 02:56:43 log.go:24: false
APP: 2026/01/21 02:56:43 log.go:24: true
APP: 2026/01/21 02:56:43 log.go:24: false
APP: 2026/01/21 02:56:43 log.go:24: true
APP: 2026/01/21 02:56:43 log.go:24: false
APP: 2026/01/21 02:56:43 log.go:24: true
APP: 2026/01/21 02:56:43 log.go:24: false
APP: 2026/01/21 02:56:43 log.go:24: true
APP: 2026/01/21 02:56:43 log.go:24: false
APP: 2026/01/21 02:56:43 log.go:24: true
APP: 2026/01/21 02:56:43 log.go:24: false
APP: 2026/01/21 02:56:43 log.go:24: true
APP: 2026/01/21 02:56:43 log.go:24: false
APP: 2026/01/21 02:56:43 log.go:24: true
APP: 2026/01/21 02:56:43 log.go:24: false
APP: 2026/01/21 02:56:43 log.go:24: true
APP: 2026/01/21 02:56:43 log.go:24: false
APP: 2026/01/21 02:56:43 log.go:24: true
APP: 2026/01/21 02:56:43 log.go:24: false
APP: 2026/01/21 02:56:43 log.go:24: true
APP: 2026/01/21 02:58:10 log.go:24: Initializing
APP: 2026/01/21 02:58:10 log.go:24: false
APP: 2026/01/21 02:58:10 log.go:24: true
APP: 2026/01/21 02:58:10 log.go:24: false
APP: 2026/01/21 02:58:10 log.go:24: true
APP: 2026/01/21 02:58:10 log.go:24: false
APP: 2026/01/21 02:58:10 log.go:24: true
APP: 2026/01/21 02:58:10 log.go:24: false
APP: 2026/01/21 02:58:10 log.go:24: true
APP: 2026/01/21 02:58:10 log.go:24: false
APP: 2026/01/21 02:58:10 log.go:24: true
APP: 2026/01/21 02:58:10 log.go:24: false
APP: 2026/01/21 02:58:10 log.go:24: true
APP: 2026/01/21 02:58:10 log.go:24: false
APP: 2026/01/21 02:58:10 log.go:24: true
APP: 2026/01/21 02:58:10 log.go:24: false
APP: 2026/01/21 02:58:10 log.go:24: true
APP: 2026/01/21 02:58:10 log.go:24: false
APP: 2026/01/21 02:58:10 log.go:24: true
APP: 2026/01/21 02:58:10 log.go:24: false
APP: 2026/01/21 02:58:10 log.go:24: true
APP: 2026/01/21 02:58:10 log.go:24: false
APP: 2026/01/21 02:58:10 log.go:24: true
APP: 2026/01/21 02:58:10 log.go:24: false
APP: 2026/01/21 02:58:10 log.go:24: true
APP: 2026/01/21 02:58:10 log.go:24: false
APP: 2026/01/21 02:58:10 log.go:24: true
APP: 2026/01/21 02:58:10 log.go:24: false
APP: 2026/01/21 02:58:10 log.go:24: true
APP: 2026/01/21 02:58:10 log.go:24: false
APP: 2026/01/21 02:58:10 log.go:24: true
APP: 2026/01/21 02:58:10 log.go:24: false
APP: 2026/01/21 02:58:10 log.go:24: true
APP: 2026/01/21 02:58:11 log.go:24: false
APP: 2026/01/21 02:58:11 log.go:24: true
APP: 2026/01/21 02:58:11 log.go:24: false
APP: 2026/01/21 02:58:11 log.go:24: true
APP: 2026/01/21 02:58:11 log.go:24: false
APP: 2026/01/21 02:58:11 log.go:24: true
APP: 2026/01/21 02:58:11 log.go:24: false
APP: 2026/01/21 02:58:11 log.go:24: true
APP: 2026/01/21 02:58:11 log.go:24: false
APP: 2026/01/21 02:58:11 log.go:24: true
APP: 2026/01/21 02:58:11 log.go:24: false
APP: 2026/01/21 02:58:11 log.go:24: true
APP: 2026/01/21 02:58:11 log.go:24: false
APP: 2026/01/21 02:58:11 log.go:24: true
APP: 2026/01/21 02:58:11 log.go:24: false
APP: 2026/01/21 02:58:11 log.go:24: true
APP: 2026/01/21 02:58:11 log.go:24: false
APP: 2026/01/21 02:58:11 log.go:24: true
APP: 2026/01/21 02:58:11 log.go:24: false
APP: 2026/01/21 02:58:11 log.go:24: true
APP: 2026/01/21 02:58:11 log.go:24: false
APP: 2026/01/21 02:58:11 log.go:24: true
APP: 2026/01/21 02:58:11 log.go:24: false
APP: 2026/01/21 02:58:11 log.go:24: true
APP: 2026/01/21 02:58:11 log.go:24: false
APP: 2026/01/21 02:58:11 log.go:24: true
APP: 2026/01/21 02:58:11 log.go:24: false
APP: 2026/01/21 02:58:11 log.go:24: true
APP: 2026/01/21 02:58:11 log.go:24: false
APP: 2026/01/21 02:58:11 log.go:24: true
APP: 2026/01/21 02:58:11 log.go:24: false
APP: 2026/01/21 02:58:11 log.go:24: true
APP: 2026/01/21 02:58:11 log.go:24: false
APP: 2026/01/21 02:58:11 log.go:24: true
APP: 2026/01/21 02:58:11 log.go:24: false
APP: 2026/01/21 02:58:11 log.go:24: true
APP: 2026/01/21 02:58:11 log.go:24: false
APP: 2026/01/21 02:58:11 log.go:24: true
APP: 2026/01/21 02:58:11 log.go:24: false
APP: 2026/01/21 02:58:11 log.go:24: true
APP: 2026/01/21 02:58:11 log.go:24: false
APP: 2026/01/21 02:58:11 log.go:24: true
APP: 2026/01/21 02:58:11 log.go:24: false
APP: 2026/01/21 02:58:11 log.go:24: true
APP: 2026/01/21 02:58:11 log.go:24: false
APP: 2026/01/21 02:58:11 log.go:24: true
APP: 2026/01/21 02:58:11 log.go:24: false
APP: 2026/01/21 02:58:11 log.go:24: true
APP: 2026/01/21 02:58:11 log.go:24: false
APP: 2026/01/21 02:58:11 log.go:24: true
APP: 2026/01/21 02:58:11 log.go:24: false
APP: 2026/01/21 02:58:11 log.go:24: true
APP: 2026/01/21 02:58:11 log.go:24: false
APP: 2026/01/21 02:58:11 log.go:24: true
APP: 2026/01/21 02:58:11 log.go:24: false
APP: 2026/01/21 02:58:11 log.go:24: true
APP: 2026/01/21 02:58:11 log.go:24: false
APP: 2026/01/21 02:58:11 log.go:24: true
APP: 2026/01/21 02:58:11 log.go:24: false
APP: 2026/01/21 02:58:11 log.go:24: true
APP: 2026/01/21 02:58:11 log.go:24: false
APP: 2026/01/21 02:58:11 log.go:24: true
APP: 2026/01/21 02:58:11 log.go:24: false
APP: 2026/01/21 02:58:11 log.go:24: true
APP: 2026/01/21 02:58:11 log.go:24: false
APP: 2026/01/21 02:58:11 log.go:24: true
APP: 2026/01/21 02:58:11 log.go:24: false
APP: 2026/01/21 02:58:11 log.go:24: true
APP: 2026/01/21 02:58:11 log.go:24: false
APP: 2026/01/21 02:58:11 log.go:24: true
APP: 2026/01/21 02:58:11 log.go:24: false
APP: 2026/01/21 02:58:11 log.go:24: true
APP: 2026/01/21 02:58:11 log.go:24: false
APP: 2026/01/21 02:58:11 log.go:24: true
APP: 2026/01/21 02:58:11 log.go:24: false
APP: 2026/01/21 02:58:11 log.go:24: true
APP: 2026/01/21 02:58:11 log.go:24: false
APP: 2026/01/21 02:58:11 log.go:24: true
APP: 2026/01/21 02:58:11 log.go:24: false
APP: 2026/01/21 02:58:11 log.go:24: true
APP: 2026/01/21 02:58:11 log.go:24: false
APP: 2026/01/21 02:58:11 log.go:24: true
APP: 2026/01/21 02:58:11 log.go:24: false
APP: 2026/01/21 02:58:11 log.go:24: true
APP: 2026/01/21 02:58:11 log.go:24: false
APP: 2026/01/21 02:58:11 log.go:24: true
APP: 2026/01/21 02:58:11 log.go:24: false
APP: 2026/01/21 02:58:11 log.go:24: true
APP: 2026/01/21 02:58:11 log.go:24: false
APP: 2026/01/21 02:58:11 log.go:24: true
APP: 2026/01/21 02:58:11 log.go:24: false
APP: 2026/01/21 02:58:11 log.go:24: true
APP: 2026/01/21 02:58:11 log.go:24: false
APP: 2026/01/21 02:58:11 log.go:24: true
APP: 2026/01/21 02:58:11 log.go:24: false
APP: 2026/01/21 02:58:11 log.go:24: true
APP: 2026/01/21 02:58:11 log.go:24: false
APP: 2026/01/21 02:58:11 log.go:24: true
APP: 2026/01/21 02:58:11 log.go:24: false
APP: 2026/01/21 02:58:11 log.go:24: true
APP: 2026/01/21 02:58:11 log.go:24: false
APP: 2026/01/21 02:58:11 log.go:24: true
APP: 2026/01/21 02:58:11 log.go:24: false
APP: 2026/01/21 02:58:11 log.go:24: true
APP: 2026/01/21 02:58:11 log.go:24: false
APP: 2026/01/21 02:58:11 log.go:24: true
APP: 2026/01/21 02:58:11 log.go:24: false
APP: 2026/01/21 02:58:11 log.go:24: true
APP: 2026/01/21 02:58:11 log.go:24: false
APP: 2026/01/21 02:58:11 log.go:24: true
APP: 2026/01/21 02:58:11 log.go:24: false
APP: 2026/01/21 02:58:11 log.go:24: true
APP: 2026/01/21 02:58:11 log.go:24: false
APP: 2026/01/21 02:58:11 log.go:24: true
APP: 2026/01/21 02:58:11 log.go:24: false
APP: 2026/01/21 02:58:11 log.go:24: true
APP: 2026/01/21 02:58:11 log.go:24: false
APP: 2026/01/21 02:58:11 log.go:24: true
APP: 2026/01/21 02:58:11 log.go:24: false
APP: 2026/01/21 02:58:11 log.go:24: true
APP: 2026/01/21 02:58:11 log.go:24: false
APP: 2026/01/21 02:58:11 log.go:24: true
APP: 2026/01/21 02:58:18 log.go:24: Initializing
APP: 2026/01/21 02:58:18 log.go:24: false
APP: 2026/01/21 02:58:18 log.go:24: true
APP: 2026/01/21 02:58:18 log.go:24: false
APP: 2026/01/21 02:58:18 log.go:24: true
APP: 2026/01/21 02:58:18 log.go:24: false
APP: 2026/01/21 02:58:18 log.go:24: true
APP: 2026/01/21 02:58:18 log.go:24: false
APP: 2026/01/21 02:58:18 log.go:24: true
APP: 2026/01/21 02:58:18 log.go:24: false
APP: 2026/01/21 02:58:18 log.go:24: true
APP: 2026/01/21 02:58:18 log.go:24: false
APP: 2026/01/21 02:58:18 log.go:24: true
APP: 2026/01/21 02:58:18 log.go:24: false
APP: 2026/01/21 02:58:18 log.go:24: true
APP: 2026/01/21 02:58:18 log.go:24: false
APP: 2026/01/21 02:58:18 log.go:24: true
APP: 2026/01/21 02:58:18 log.go:24: false
APP: 2026/01/21 02:58:18 log.go:24: true
APP: 2026/01/21 02:58:18 log.go:24: false
APP: 2026/01/21 02:58:18 log.go:24: true
APP: 2026/01/21 02:58:18 log.go:24: false
APP: 2026/01/21 02:58:18 log.go:24: true
APP: 2026/01/21 02:58:18 log.go:24: false
APP: 2026/01/21 02:58:18 log.go:24: true
APP: 2026/01/21 02:58:18 log.go:24: false
APP: 2026/01/21 02:58:18 log.go:24: true
APP: 2026/01/21 02:58:18 log.go:24: false
APP: 2026/01/21 02:58:18 log.go:24: true
APP: 2026/01/21 02:58:18 log.go:24: false
APP: 2026/01/21 02:58:18 log.go:24: true
APP: 2026/01/21 02:58:18 log.go:24: false
APP: 2026/01/21 02:58:18 log.go:24: true
APP: 2026/01/21 02:58:18 log.go:24: false
APP: 2026/01/21 02:58:18 log.go:24: true
APP: 2026/01/21 02:58:18 log.go:24: false
APP: 2026/01/21 02:58:18 log.go:24: true
APP: 2026/01/21 02:58:18 log.go:24: false
APP: 2026/01/21 02:58:18 log.go:24: true
APP: 2026/01/21 02:58:18 log.go:24: false
APP: 2026/01/21 02:58:18 log.go:24: true
APP: 2026/01/21 02:58:18 log.go:24: false
APP: 2026/01/21 02:58:18 log.go:24: true
APP: 2026/01/21 02:58:18 log.go:24: false
APP: 2026/01/21 02:58:18 log.go:24: true
APP: 2026/01/21 02:58:18 log.go:24: false
APP: 2026/01/21 02:58:18 log.go:24: true
APP: 2026/01/21 02:58:18 log.go:24: false
APP: 2026/01/21 02:58:18 log.go:24: true
APP: 2026/01/21 02:58:18 log.go:24: false
APP: 2026/01/21 02:58:18 log.go:24: true
APP: 2026/01/21 02:58:18 log.go:24: false
APP: 2026/01/21 02:58:18 log.go:24: true
APP: 2026/01/21 02:58:18 log.go:24: false
APP: 2026/01/21 02:58:18 log.go:24: true
APP: 2026/01/21 02:58:18 log.go:24: false
APP: 2026/01/21 02:58:18 log.go:24: true
APP: 2026/01/21 02:58:18 log.go:24: false
APP: 2026/01/21 02:58:18 log.go:24: true
APP: 2026/01/21 02:58:18 log.go:24: false
APP: 2026/01/21 02:58:18 log.go:24: true
APP: 2026/01/21 02:58:18 log.go:24: false
APP: 2026/01/21 02:58:18 log.go:24: true
APP: 2026/01/21 02:58:18 log.go:24: false
APP: 2026/01/21 02:58:18 log.go:24: true
APP: 2026/01/21 02:58:18 log.go:24: false
APP: 2026/01/21 02:58:18 log.go:24: true
APP: 2026/01/21 02:58:18 log.go:24: false
APP: 2026/01/21 02:58:18 log.go:24: true
APP: 2026/01/21 02:58:18 log.go:24: false
APP: 2026/01/21 02:58:18 log.go:24: true
APP: 2026/01/21 02:58:18 log.go:24: false
APP: 2026/01/21 02:58:18 log.go:24: true
APP: 2026/01/21 02:58:18 log.go:24: false
APP: 2026/01/21 02:58:18 log.go:24: true
APP: 2026/01/21 02:58:18 log.go:24: false
APP: 2026/01/21 02:58:18 log.go:24: true
APP: 2026/01/21 02:58:18 log.go:24: false
APP: 2026/01/21 02:58:18 log.go:24: true
APP: 2026/01/21 02:58:18 log.go:24: false
APP: 2026/01/21 02:58:18 log.go:24: true
APP: 2026/01/21 02:58:18 log.go:24: false
APP: 2026/01/21 02:58:18 log.go:24: true
APP: 2026/01/21 02:58:18 log.go:24: false
APP: 2026/01/21 02:58:18 log.go:24: true
APP: 2026/01/21 02:58:18 log.go:24: false
APP: 2026/01/21 02:58:18 log.go:24: true
APP: 2026/01/21 02:58:18 log.go:24: false
APP: 2026/01/21 02:58:18 log.go:24: true
APP: 2026/01/21 02:58:18 log.go:24: false
APP: 2026/01/21 02:58:18 log.go:24: true
APP: 2026/01/21 02:58:18 log.go:24: false
APP: 2026/01/21 02:58:18 log.go:24: true
APP: 2026/01/21 02:58:18 log.go:24: false
APP: 2026/01/21 02:58:18 log.go:24: true
APP: 2026/01/21 02:58:18 log.go:24: false
APP: 2026/01/21 02:58:18 log.go:24: true
APP: 2026/01/21 02:58:18 log.go:24: false
APP: 2026/01/21 02:58:18 log.go:24: true
APP: 2026/01/21 02:58:18 log.go:24: false
APP: 2026/01/21 02:58:18 log.go:24: true
APP: 2026/01/21 02:58:18 log.go:24: false
APP: 2026/01/21 02:58:18 log.go:24: true
APP: 2026/01/21 02:58:18 log.go:24: false
APP: 2026/01/21 02:58:18 log.go:24: true
APP: 2026/01/21 02:58:18 log.go:24: false
APP: 2026/01/21 02:58:18 log.go:24: true
APP: 2026/01/21 02:58:18 log.go:24: false
APP: 2026/01/21 02:58:18 log.go:24: true
APP: 2026/01/21 02:58:18 log.go:24: false
APP: 2026/01/21 02:58:18 log.go:24: true
APP: 2026/01/21 02:58:18 log.go:24: false
APP: 2026/01/21 02:58:18 log.go:24: true
APP: 2026/01/21 02:58:18 log.go:24: false
APP: 2026/01/21 02:58:18 log.go:24: true
APP: 2026/01/21 02:58:18 log.go:24: false
APP: 2026/01/21 02:58:18 log.go:24: true
APP: 2026/01/21 02:58:18 log.go:24: false
APP: 2026/01/21 02:58:18 log.go:24: true
APP: 2026/01/21 02:58:18 log.go:24: false
APP: 2026/01/21 02:58:18 log.go:24: true
APP: 2026/01/21 02:58:18 log.go:24: false
APP: 2026/01/21 02:58:18 log.go:24: true
APP: 2026/01/21 02:58:18 log.go:24: false
APP: 2026/01/21 02:58:18 log.go:24: true
APP: 2026/01/21 02:58:18 log.go:24: false
APP: 2026/01/21 02:58:18 log.go:24: true
APP: 2026/01/21 02:58:18 log.go:24: false
APP: 2026/01/21 02:58:18 log.go:24: true
APP: 2026/01/21 02:58:18 log.go:24: false
APP: 2026/01/21 02:58:18 log.go:24: true
APP: 2026/01/21 02:58:18 log.go:24: false
APP: 2026/01/21 02:58:19 log.go:24: true
APP: 2026/01/21 02:58:19 log.go:24: false
APP: 2026/01/21 02:58:19 log.go:24: true
APP: 2026/01/21 02:58:19 log.go:24: false
APP: 2026/01/21 02:58:19 log.go:24: true
APP: 2026/01/21 02:58:19 log.go:24: false
APP: 2026/01/21 02:58:19 log.go:24: true
APP: 2026/01/21 02:58:19 log.go:24: false
APP: 2026/01/21 02:58:19 log.go:24: true
APP: 2026/01/21 02:58:19 log.go:24: false
APP: 2026/01/21 02:58:19 log.go:24: true
APP: 2026/01/21 02:58:19 log.go:24: false
APP: 2026/01/21 02:58:19 log.go:24: true
APP: 2026/01/21 02:58:19 log.go:24: false
APP: 2026/01/21 02:58:19 log.go:24: true
APP: 2026/01/21 02:58:19 log.go:24: false
APP: 2026/01/21 02:58:19 log.go:24: true
APP: 2026/01/21 02:58:19 log.go:24: false
APP: 2026/01/21 02:58:19 log.go:24: true
APP: 2026/01/21 02:58:19 log.go:24: false
APP: 2026/01/21 02:58:19 log.go:24: true
APP: 2026/01/21 02:58:19 log.go:24: false
APP: 2026/01/21 02:58:19 log.go:24: true
APP: 2026/01/21 02:58:19 log.go:24: false
APP: 2026/01/21 02:58:19 log.go:24: true
APP: 2026/01/21 02:58:19 log.go:24: false
APP: 2026/01/21 02:58:19 log.go:24: true
APP: 2026/01/21 02:58:19 log.go:24: false
APP: 2026/01/21 02:58:19 log.go:24: true
APP: 2026/01/21 02:58:19 log.go:24: false
APP: 2026/01/21 02:58:19 log.go:24: true
APP: 2026/01/21 02:58:19 log.go:24: false
APP: 2026/01/21 02:58:19 log.go:24: true
APP: 2026/01/21 02:58:19 log.go:24: false
APP: 2026/01/21 02:58:19 log.go:24: true
APP: 2026/01/21 02:58:19 log.go:24: false
APP: 2026/01/21 02:58:19 log.go:24: true
APP: 2026/01/21 02:58:19 log.go:24: false
APP: 2026/01/21 02:58:19 log.go:24: true
APP: 2026/01/21 02:58:19 log.go:24: false
APP: 2026/01/21 02:58:19 log.go:24: true
APP: 2026/01/21 02:58:19 log.go:24: false
APP: 2026/01/21 02:58:19 log.go:24: true
APP: 2026/01/21 02:58:19 log.go:24: false
APP: 2026/01/21 02:58:19 log.go:24: true
APP: 2026/01/21 02:58:19 log.go:24: false
APP: 2026/01/21 02:58:19 log.go:24: true
APP: 2026/01/21 02:58:25 log.go:24: Initializing
APP: 2026/01/21 02:58:25 log.go:24: false
APP: 2026/01/21 02:58:25 log.go:24: true
APP: 2026/01/21 02:58:25 log.go:24: false
APP: 2026/01/21 02:58:25 log.go:24: true
APP: 2026/01/21 02:58:25 log.go:24: false
APP: 2026/01/21 02:58:25 log.go:24: true
APP: 2026/01/21 02:58:25 log.go:24: false
APP: 2026/01/21 02:58:25 log.go:24: true
APP: 2026/01/21 02:58:25 log.go:24: false
APP: 2026/01/21 02:58:25 log.go:24: true
APP: 2026/01/21 02:58:25 log.go:24: false
APP: 2026/01/21 02:58:25 log.go:24: true
APP: 2026/01/21 02:58:25 log.go:24: false
APP: 2026/01/21 02:58:25 log.go:24: true
APP: 2026/01/21 02:58:25 log.go:24: false
APP: 2026/01/21 02:58:25 log.go:24: true
APP: 2026/01/21 02:58:25 log.go:24: false
APP: 2026/01/21 02:58:25 log.go:24: true
APP: 2026/01/21 02:58:25 log.go:24: false
APP: 2026/01/21 02:58:25 log.go:24: true
APP: 2026/01/21 02:58:25 log.go:24: false
APP: 2026/01/21 02:58:25 log.go:24: true
APP: 2026/01/21 02:58:25 log.go:24: false
APP: 2026/01/21 02:58:25 log.go:24: true
APP: 2026/01/21 02:58:25 log.go:24: false
APP: 2026/01/21 02:58:25 log.go:24: true
APP: 2026/01/21 02:58:25 log.go:24: false
APP: 2026/01/21 02:58:25 log.go:24: true
APP: 2026/01/21 02:58:25 log.go:24: false
APP: 2026/01/21 02:58:25 log.go:24: true
APP: 2026/01/21 02:58:25 log.go:24: false
APP: 2026/01/21 02:58:25 log.go:24: true
APP: 2026/01/21 02:58:25 log.go:24: false
APP: 2026/01/21 02:58:25 log.go:24: true
APP: 2026/01/21 02:58:25 log.go:24: false
APP: 2026/01/21 02:58:25 log.go:24: true
APP: 2026/01/21 02:58:25 log.go:24: false
APP: 2026/01/21 02:58:25 log.go:24: true
APP: 2026/01/21 02:58:25 log.go:24: false
APP: 2026/01/21 02:58:25 log.go:24: true
APP: 2026/01/21 02:58:25 log.go:24: false
APP: 2026/01/21 02:58:25 log.go:24: true
APP: 2026/01/21 02:58:25 log.go:24: false
APP: 2026/01/21 02:58:25 log.go:24: true
APP: 2026/01/21 02:58:26 log.go:24: false
APP: 2026/01/21 02:58:26 log.go:24: true
APP: 2026/01/21 02:58:26 log.go:24: false
APP: 2026/01/21 02:58:26 log.go:24: true
APP: 2026/01/21 02:58:26 log.go:24: false
APP: 2026/01/21 02:58:26 log.go:24: true
APP: 2026/01/21 02:58:26 log.go:24: false
APP: 2026/01/21 02:58:26 log.go:24: true
APP: 2026/01/21 02:58:26 log.go:24: false
APP: 2026/01/21 02:58:26 log.go:24: true
APP: 2026/01/21 02:58:26 log.go:24: false
APP: 2026/01/21 02:58:26 log.go:24: true
APP: 2026/01/21 02:58:26 log.go:24: false
APP: 2026/01/21 02:58:26 log.go:24: true
APP: 2026/01/21 02:58:26 log.go:24: false
APP: 2026/01/21 02:58:26 log.go:24: true
APP: 2026/01/21 02:58:26 log.go:24: false
APP: 2026/01/21 02:58:26 log.go:24: true
APP: 2026/01/21 02:58:26 log.go:24: false
APP: 2026/01/21 02:58:26 log.go:24: true
APP: 2026/01/21 02:58:26 log.go:24: false
APP: 2026/01/21 02:58:26 log.go:24: true
APP: 2026/01/21 02:58:26 log.go:24: false
APP: 2026/01/21 02:58:26 log.go:24: true
APP: 2026/01/21 02:58:26 log.go:24: false
APP: 2026/01/21 02:58:26 log.go:24: true
APP: 2026/01/21 02:58:26 log.go:24: false
APP: 2026/01/21 02:58:26 log.go:24: true
APP: 2026/01/21 02:58:26 log.go:24: false
APP: 2026/01/21 02:58:26 log.go:24: true
APP: 2026/01/21 02:58:26 log.go:24: false
APP: 2026/01/21 02:58:26 log.go:24: true
APP: 2026/01/21 02:58:26 log.go:24: false
APP: 2026/01/21 02:58:26 log.go:24: true
APP: 2026/01/21 02:58:26 log.go:24: false
APP: 2026/01/21 02:58:26 log.go:24: true
APP: 2026/01/21 02:58:26 log.go:24: false
APP: 2026/01/21 02:58:26 log.go:24: true
APP: 2026/01/21 02:58:26 log.go:24: false
APP: 2026/01/21 02:58:26 log.go:24: true
APP: 2026/01/21 02:58:26 log.go:24: false
APP: 2026/01/21 02:58:26 log.go:24: true
APP: 2026/01/21 02:58:26 log.go:24: false
APP: 2026/01/21 02:58:26 log.go:24: true
APP: 2026/01/21 02:58:26 log.go:24: false
APP: 2026/01/21 02:58:26 log.go:24: true
APP: 2026/01/21 02:58:26 log.go:24: false
APP: 2026/01/21 02:58:26 log.go:24: true
APP: 2026/01/21 02:58:26 log.go:24: false
APP: 2026/01/21 02:58:26 log.go:24: true
APP: 2026/01/21 02:58:26 log.go:24: false
APP: 2026/01/21 02:58:26 log.go:24: true
APP: 2026/01/21 02:58:26 log.go:24: false
APP: 2026/01/21 02:58:26 log.go:24: true
APP: 2026/01/21 02:58:26 log.go:24: false
APP: 2026/01/21 02:58:26 log.go:24: true
APP: 2026/01/21 02:58:26 log.go:24: false
APP: 2026/01/21 02:58:26 log.go:24: true
APP: 2026/01/21 02:58:26 log.go:24: false
APP: 2026/01/21 02:58:26 log.go:24: true
APP: 2026/01/21 02:58:26 log.go:24: false
APP: 2026/01/21 02:58:26 log.go:24: true
APP: 2026/01/21 02:58:26 log.go:24: false
APP: 2026/01/21 02:58:26 log.go:24: true
APP: 2026/01/21 02:58:26 log.go:24: false
APP: 2026/01/21 02:58:26 log.go:24: true
APP: 2026/01/21 02:58:26 log.go:24: false
APP: 2026/01/21 02:58:26 log.go:24: true
APP: 2026/01/21 02:58:26 log.go:24: false
APP: 2026/01/21 02:58:26 log.go:24: true
APP: 2026/01/21 02:58:26 log.go:24: false
APP: 2026/01/21 02:58:26 log.go:24: true
APP: 2026/01/21 02:58:26 log.go:24: false
APP: 2026/01/21 02:58:26 log.go:24: true
APP: 2026/01/21 02:58:26 log.go:24: false
APP: 2026/01/21 02:58:26 log.go:24: true
APP: 2026/01/21 02:58:26 log.go:24: false
APP: 2026/01/21 02:58:26 log.go:24: true
APP: 2026/01/21 02:58:26 log.go:24: false
APP: 2026/01/21 02:58:48 log.go:24: Initializing
APP: 2026/01/21 02:58:48 log.go:24: false
APP: 2026/01/21 02:58:48 log.go:24: true
APP: 2026/01/21 02:58:48 log.go:24: false
APP: 2026/01/21 02:58:49 log.go:24: true
APP: 2026/01/21 02:58:49 log.go:24: false
APP: 2026/01/21 02:58:50 log.go:24: true
APP: 2026/01/21 02:58:50 log.go:24: false
APP: 2026/01/21 02:58:51 log.go:24: true
APP: 2026/01/21 02:58:51 log.go:24: false
APP: 2026/01/21 02:58:52 log.go:24: true
APP: 2026/01/21 02:58:52 log.go:24: false
APP: 2026/01/21 02:58:53 log.go:24: true
APP: 2026/01/21 02:58:53 log.go:24: false
APP: 2026/01/21 02:58:53 log.go:24: true
APP: 2026/01/21 03:00:11 log.go:24: Initializing
APP: 2026/01/21 03:00:11 log.go:24: false
APP: 2026/01/21 03:00:11 log.go:24: true
APP: 2026/01/21 03:00:12 log.go:24: false
APP: 2026/01/21 03:00:13 log.go:24: true
APP: 2026/01/21 03:00:13 log.go:24: false
APP: 2026/01/21 03:00:20 log.go:24: Initializing
APP: 2026/01/21 03:00:20 log.go:24: false
APP: 2026/01/21 03:00:20 log.go:24: true
APP: 2026/01/21 03:00:20 log.go:24: false
APP: 2026/01/21 03:00:21 log.go:24: true
APP: 2026/01/21 03:00:22 log.go:24: false
APP: 2026/01/21 03:00:22 log.go:24: true
APP: 2026/01/21 03:00:42 log.go:24: Initializing
APP: 2026/01/21 03:00:42 log.go:24: false
APP: 2026/01/21 03:00:42 log.go:24: true
APP: 2026/01/21 03:00:42 log.go:24: false
APP: 2026/01/21 03:00:42 log.go:24: true
APP: 2026/01/21 03:00:43 log.go:24: false
APP: 2026/01/21 03:00:43 log.go:24: true
APP: 2026/01/21 03:00:44 log.go:24: false
APP: 2026/01/21 03:00:44 log.go:24: true
APP: 2026/01/21 03:04:25 log.go:24: Initializing
APP: 2026/01/21 03:04:25 log.go:24: false
APP: 2026/01/21 03:04:25 log.go:24: true
APP: 2026/01/21 03:04:25 log.go:24: false
APP: 2026/01/21 03:04:25 log.go:24: true
APP: 2026/01/21 03:04:26 log.go:24: false
APP: 2026/01/21 03:04:26 log.go:24: true
APP: 2026/01/21 03:04:26 log.go:24: false
APP: 2026/01/21 03:04:27 log.go:24: true
APP: 2026/01/21 03:04:27 log.go:24: false
APP: 2026/01/21 03:04:27 log.go:24: true
APP: 2026/01/21 03:04:28 log.go:24: false
APP: 2026/01/21 03:04:28 log.go:24: true
APP: 2026/01/21 03:04:28 log.go:24: false
APP: 2026/01/21 03:04:29 log.go:24: true
APP: 2026/01/21 03:04:29 log.go:24: false
APP: 2026/01/21 03:04:30 log.go:24: true
APP: 2026/01/21 03:04:30 log.go:24: false
APP: 2026/01/21 03:04:30 log.go:24: true
APP: 2026/01/21 03:04:31 log.go:24: false
APP: 2026/01/21 03:04:31 log.go:24: true
APP: 2026/01/21 03:04:31 log.go:24: false
APP: 2026/01/21 03:04:32 log.go:24: true
APP: 2026/01/21 03:04:32 log.go:24: false
APP: 2026/01/21 03:04:32 log.go:24: true
APP: 2026/01/21 03:04:33 log.go:24: false
APP: 2026/01/21 03:04:33 log.go:24: true
APP: 2026/01/21 03:04:33 log.go:24: false
APP: 2026/01/21 03:04:34 log.go:24: true
APP: 2026/01/21 03:04:34 log.go:24: false
APP: 2026/01/21 03:04:34 log.go:24: true
APP: 2026/01/21 03:05:03 log.go:24: Initializing
APP: 2026/01/21 03:05:03 log.go:24: false
APP: 2026/01/21 03:05:03 log.go:24: true
APP: 2026/01/21 03:05:03 log.go:24: Pause:  false
APP: 2026/01/21 03:05:03 log.go:24: false
APP: 2026/01/21 03:05:04 log.go:24: Pause:  false
APP: 2026/01/21 03:05:04 log.go:24: true
APP: 2026/01/21 03:05:04 log.go:24: false
APP: 2026/01/21 03:05:04 log.go:24: Pause:  false
APP: 2026/01/21 03:05:04 log.go:24: true
APP: 2026/01/21 03:05:05 log.go:24: Pause:  false
APP: 2026/01/21 03:05:05 log.go:24: false
APP: 2026/01/21 03:05:05 log.go:24: true
APP: 2026/01/21 03:05:05 log.go:24: Pause:  false
APP: 2026/01/21 03:05:05 log.go:24: false
APP: 2026/01/21 03:05:05 log.go:24: true
APP: 2026/01/21 03:05:06 log.go:24: false
APP: 2026/01/21 03:05:06 log.go:24: Pause:  false
APP: 2026/01/21 03:05:06 log.go:24: true
APP: 2026/01/21 03:05:06 log.go:24: false
APP: 2026/01/21 03:06:05 log.go:24: Initializing
APP: 2026/01/21 03:06:05 log.go:24: false
APP: 2026/01/21 03:06:05 log.go:24: Pause:  false
APP: 2026/01/21 03:06:05 log.go:24: true
APP: 2026/01/21 03:06:05 log.go:24: false
APP: 2026/01/21 03:06:06 log.go:24: true
APP: 2026/01/21 03:06:06 log.go:24: Pause:  true
APP: 2026/01/21 03:06:06 log.go:24: false
APP: 2026/01/21 03:06:08 log.go:24: true
APP: 2026/01/21 03:06:10 log.go:24: false
APP: 2026/01/21 03:06:11 log.go:24: true
APP: 2026/01/21 03:06:11 log.go:24: false
APP: 2026/01/21 03:06:11 log.go:24: true
APP: 2026/01/21 03:06:15 log.go:24: Initializing
APP: 2026/01/21 03:06:15 log.go:24: false
APP: 2026/01/21 03:06:15 log.go:24: true
APP: 2026/01/21 03:06:15 log.go:24: Pause:  false
APP: 2026/01/21 03:06:15 log.go:24: false
APP: 2026/01/21 03:06:15 log.go:24: Pause:  false
APP: 2026/01/21 03:06:15 log.go:24: true
APP: 2026/01/21 03:06:16 log.go:24: Pause:  false
APP: 2026/01/21 03:06:16 log.go:24: false
APP: 2026/01/21 03:06:16 log.go:24: Pause:  false
APP: 2026/01/21 03:06:16 log.go:24: true
APP: 2026/01/21 03:06:17 log.go:24: Pause:  false
APP: 2026/01/21 03:06:17 log.go:24: false
APP: 2026/01/21 03:06:17 log.go:24: Pause:  false
APP: 2026/01/21 03:06:17 log.go:24: true
APP: 2026/01/21 03:06:18 log.go:24: false
APP: 2026/01/21 03:06:18 log.go:24: Pause:  true
APP: 2026/01/21 03:06:18 log.go:24: true
APP: 2026/01/21 03:06:19 log.go:24: false
APP: 2026/01/21 03:06:32 log.go:24: Initializing
APP: 2026/01/21 03:06:32 log.go:24: false
APP: 2026/01/21 03:06:32 log.go:24: true
APP: 2026/01/21 03:06:32 log.go:24: Pause:  false
APP: 2026/01/21 03:06:32 log.go:24: false
APP: 2026/01/21 03:06:32 log.go:24: Pause:  false
APP: 2026/01/21 03:06:32 log.go:24: true
APP: 2026/01/21 03:06:33 log.go:24: false
APP: 2026/01/21 03:06:33 log.go:24: Pause:  true
APP: 2026/01/21 03:06:33 log.go:24: true
APP: 2026/01/21 03:06:34 log.go:24: false
APP: 2026/01/21 03:06:37 log.go:24: true
APP: 2026/01/21 03:06:40 log.go:24: false
APP: 2026/01/21 03:07:29 log.go:24: Initializing
APP: 2026/01/21 03:07:29 log.go:24: false
APP: 2026/01/21 03:07:29 log.go:24: true
APP: 2026/01/21 03:07:29 log.go:24: Pause:  false
APP: 2026/01/21 03:07:29 log.go:24: false
APP: 2026/01/21 03:07:29 log.go:24: Pause:  false
APP: 2026/01/21 03:07:29 log.go:24: true
APP: 2026/01/21 03:07:30 log.go:24: Pause:  false
APP: 2026/01/21 03:07:30 log.go:24: false
APP: 2026/01/21 03:07:30 log.go:24: true
APP: 2026/01/21 03:07:30 log.go:24: Pause:  true
APP: 2026/01/21 03:07:30 log.go:24: false
APP: 2026/01/21 03:07:32 log.go:24: true
APP: 2026/01/21 03:07:34 log.go:24: false
APP: 2026/01/21 03:07:34 log.go:24: true
APP: 2026/01/21 03:07:35 log.go:24: false
APP: 2026/01/21 03:07:35 log.go:24: true
APP: 2026/01/21 03:07:36 log.go:24: false
APP: 2026/01/21 03:07:36 log.go:24: true
APP: 2026/01/21 03:07:36 log.go:24: false
APP: 2026/01/21 03:07:36 log.go:24: true
APP: 2026/01/21 03:07:37 log.go:24: false
APP: 2026/01/21 03:07:37 log.go:24: true
APP: 2026/01/21 03:07:37 log.go:24: false
APP: 2026/01/21 03:08:31 log.go:24: Initializing
APP: 2026/01/21 03:08:31 log.go:24: false
APP: 2026/01/21 03:08:31 log.go:24: Pause:  false
APP: 2026/01/21 03:08:31 log.go:24: true
APP: 2026/01/21 03:08:31 log.go:24: false
APP: 2026/01/21 03:08:31 log.go:24: Pause:  false
APP: 2026/01/21 03:08:31 log.go:24: true
APP: 2026/01/21 03:08:32 log.go:24: Pause:  false
APP: 2026/01/21 03:08:32 log.go:24: false
APP: 2026/01/21 03:08:32 log.go:24: true
APP: 2026/01/21 03:08:32 log.go:24: Pause:  true
APP: 2026/01/21 03:08:32 log.go:24: false
APP: 2026/01/21 03:08:34 log.go:24: true
APP: 2026/01/21 03:08:35 log.go:24: false
APP: 2026/01/21 03:08:36 log.go:24: true
APP: 2026/01/21 03:08:37 log.go:24: false
APP: 2026/01/21 03:08:37 log.go:24: true
APP: 2026/01/21 03:08:37 log.go:24: false
APP: 2026/01/21 03:08:37 log.go:24: true
APP: 2026/01/21 03:08:38 log.go:24: false
APP: 2026/01/21 03:08:38 log.go:24: true
APP: 2026/01/21 03:08:38 log.go:24: false
APP: 2026/01/21 03:08:38 log.go:24: true
APP: 2026/01/21 03:08:39 log.go:24: false
APP: 2026/01/21 03:08:39 log.go:24: true
APP: 2026/01/21 03:08:39 log.go:24: false
APP: 2026/01/21 03:08:39 log.go:24: true
APP: 2026/01/21 03:08:40 log.go:24: false
APP: 2026/01/21 03:08:40 log.go:24: true
APP: 2026/01/21 03:08:47 log.go:24: Initializing
APP: 2026/01/21 03:08:47 log.go:24: false
APP: 2026/01/21 03:08:47 log.go:24: true
APP: 2026/01/21 03:08:47 log.go:24: Pause:  false
APP: 2026/01/21 03:08:47 log.go:24: false
APP: 2026/01/21 03:08:48 log.go:24: Pause:  false
APP: 2026/01/21 03:08:48 log.go:24: true
APP: 2026/01/21 03:08:48 log.go:24: Pause:  false
APP: 2026/01/21 03:08:48 log.go:24: false
APP: 2026/01/21 03:08:49 log.go:24: Pause:  false
APP: 2026/01/21 03:08:49 log.go:24: true
APP: 2026/01/21 03:08:49 log.go:24: Pause:  false
APP: 2026/01/21 03:08:49 log.go:24: false
APP: 2026/01/21 03:08:50 log.go:24: Pause:  false
APP: 2026/01/21 03:08:50 log.go:24: true
APP: 2026/01/21 03:08:50 log.go:24: Pause:  false
APP: 2026/01/21 03:08:50 log.go:24: false
APP: 2026/01/21 03:08:51 log.go:24: Pause:  false
APP: 2026/01/21 03:08:51 log.go:24: true
APP: 2026/01/21 03:08:51 log.go:24: Pause:  false
APP: 2026/01/21 03:08:51 log.go:24: false
APP: 2026/01/21 03:08:52 log.go:24: Pause:  false
APP: 2026/01/21 03:08:52 log.go:24: true
APP: 2026/01/21 03:08:52 log.go:24: Pause:  false
APP: 2026/01/21 03:08:52 log.go:24: false
APP: 2026/01/21 03:08:53 log.go:24: Pause:  false
APP: 2026/01/21 03:08:53 log.go:24: true
APP: 2026/01/21 03:08:53 log.go:24: Pause:  false
APP: 2026/01/21 03:08:53 log.go:24: false
APP: 2026/01/21 03:08:54 log.go:24: Pause:  false
APP: 2026/01/21 03:08:54 log.go:24: true
APP: 2026/01/21 03:08:54 log.go:24: Pause:  false
APP: 2026/01/21 03:08:54 log.go:24: false
APP: 2026/01/21 03:08:55 log.go:24: Pause:  false
APP: 2026/01/21 03:08:55 log.go:24: true
APP: 2026/01/21 03:08:55 log.go:24: Pause:  false
APP: 2026/01/21 03:08:55 log.go:24: false
APP: 2026/01/21 03:08:56 log.go:24: Pause:  false
APP: 2026/01/21 03:08:56 log.go:24: true
APP: 2026/01/21 03:08:56 log.go:24: Pause:  false
APP: 2026/01/21 03:08:56 log.go:24: false
APP: 2026/01/21 03:08:57 log.go:24: Pause:  false
APP: 2026/01/21 03:08:57 log.go:24: true
APP: 2026/01/21 03:08:57 log.go:24: Pause:  false
APP: 2026/01/21 03:08:57 log.go:24: false
APP: 2026/01/21 03:08:58 log.go:24: Pause:  false
APP: 2026/01/21 03:08:58 log.go:24: true
APP: 2026/01/21 03:08:58 log.go:24: Pause:  false
APP: 2026/01/21 03:08:58 log.go:24: false
APP: 2026/01/21 03:08:59 log.go:24: Pause:  false
APP: 2026/01/21 03:08:59 log.go:24: true
APP: 2026/01/21 03:08:59 log.go:24: Pause:  false
APP: 2026/01/21 03:08:59 log.go:24: false
APP: 2026/01/21 03:09:00 log.go:24: Pause:  false
APP: 2026/01/21 03:09:00 log.go:24: true
APP: 2026/01/21 03:09:00 log.go:24: Pause:  false
APP: 2026/01/21 03:09:00 log.go:24: false
APP: 2026/01/21 03:09:01 log.go:24: Pause:  false
APP: 2026/01/21 03:09:01 log.go:24: true
APP: 2026/01/21 03:09:01 log.go:24: Pause:  false
APP: 2026/01/21 03:09:01 log.go:24: false
APP: 2026/01/21 03:09:02 log.go:24: Pause:  false
APP: 2026/01/21 03:09:02 log.go:24: true
APP: 2026/01/21 03:09:02 log.go:24: false
APP: 2026/01/21 03:10:01 log.go:24: Initializing
APP: 2026/01/21 03:10:01 log.go:24: false
APP: 2026/01/21 03:10:01 log.go:24: true
APP: 2026/01/21 03:10:01 log.go:24: Pause:  false
APP: 2026/01/21 03:10:01 log.go:24: false
APP: 2026/01/21 03:10:02 log.go:24: Pause:  false
APP: 2026/01/21 03:10:02 log.go:24: true
APP: 2026/01/21 03:10:02 log.go:24: Pause:  false
APP: 2026/01/21 03:10:02 log.go:24: false
APP: 2026/01/21 03:10:02 log.go:24: true
APP: 2026/01/21 03:10:02 log.go:24: Pause:  false
APP: 2026/01/21 03:10:02 log.go:24: false
APP: 2026/01/21 03:10:03 log.go:24: Pause:  false
APP: 2026/01/21 03:10:03 log.go:24: true
APP: 2026/01/21 03:10:03 log.go:24: Pause:  false
APP: 2026/01/21 03:10:03 log.go:24: false
APP: 2026/01/21 03:10:03 log.go:24: Pause:  false
APP: 2026/01/21 03:10:03 log.go:24: true
APP: 2026/01/21 03:10:03 log.go:24: Pause:  false
APP: 2026/01/21 03:10:03 log.go:24: false
APP: 2026/01/21 03:10:04 log.go:24: Pause:  false
APP: 2026/01/21 03:10:04 log.go:24: true
APP: 2026/01/21 03:10:04 log.go:24: Pause:  false
APP: 2026/01/21 03:10:04 log.go:24: false
APP: 2026/01/21 03:10:04 log.go:24: Pause:  false
APP: 2026/01/21 03:10:04 log.go:24: true
APP: 2026/01/21 03:10:04 log.go:24: Pause:  false
APP: 2026/01/21 03:10:04 log.go:24: false
APP: 2026/01/21 03:10:05 log.go:24: Pause:  false
APP: 2026/01/21 03:10:05 log.go:24: true
APP: 2026/01/21 03:10:05 log.go:24: false
APP: 2026/01/21 03:10:05 log.go:24: Pause:  false
APP: 2026/01/21 03:10:05 log.go:24: true
APP: 2026/01/21 03:10:05 log.go:24: Pause:  false
APP: 2026/01/21 03:10:05 log.go:24: false
APP: 2026/01/21 03:10:05 log.go:24: Pause:  false
APP: 2026/01/21 03:10:05 log.go:24: true
APP: 2026/01/21 03:10:05 log.go:24: Pause:  false
APP: 2026/01/21 03:10:05 log.go:24: false
APP: 2026/01/21 03:10:05 log.go:24: Pause:  false
APP: 2026/01/21 03:10:05 log.go:24: true
APP: 2026/01/21 03:10:06 log.go:24: Pause:  false
APP: 2026/01/21 03:10:06 log.go:24: false
APP: 2026/01/21 03:10:06 log.go:24: Pause:  false
APP: 2026/01/21 03:10:06 log.go:24: true
APP: 2026/01/21 03:10:06 log.go:24: Pause:  false
APP: 2026/01/21 03:10:06 log.go:24: false
APP: 2026/01/21 03:10:06 log.go:24: Pause:  false
APP: 2026/01/21 03:10:06 log.go:24: true
APP: 2026/01/21 03:10:06 log.go:24: Pause:  false
APP: 2026/01/21 03:10:06 log.go:24: false
APP: 2026/01/21 03:10:06 log.go:24: Pause:  false
APP: 2026/01/21 03:10:06 log.go:24: true
APP: 2026/01/21 03:10:07 log.go:24: Pause:  false
APP: 2026/01/21 03:10:07 log.go:24: false
APP: 2026/01/21 03:10:07 log.go:24: Pause:  false
APP: 2026/01/21 03:10:07 log.go:24: true
APP: 2026/01/21 03:10:07 log.go:24: false
APP: 2026/01/21 03:10:07 log.go:24: Pause:  false
APP: 2026/01/21 03:10:07 log.go:24: true
APP: 2026/01/21 03:10:07 log.go:24: Pause:  false
APP: 2026/01/21 03:10:07 log.go:24: false
APP: 2026/01/21 03:10:07 log.go:24: Pause:  false
APP: 2026/01/21 03:10:07 log.go:24: true
APP: 2026/01/21 03:10:07 log.go:24: Pause:  false
APP: 2026/01/21 03:10:07 log.go:24: false
APP: 2026/01/21 03:10:07 log.go:24: Pause:  false
APP: 2026/01/21 03:10:07 log.go:24: true
APP: 2026/01/21 03:10:07 log.go:24: Pause:  false
APP: 2026/01/21 03:10:07 log.go:24: false
APP: 2026/01/21 03:10:08 log.go:24: Pause:  false
APP: 2026/01/21 03:10:08 log.go:24: true
APP: 2026/01/21 03:10:08 log.go:24: Pause:  false
APP: 2026/01/21 03:10:08 log.go:24: false
APP: 2026/01/21 03:10:08 log.go:24: Pause:  false
APP: 2026/01/21 03:10:08 log.go:24: true
APP: 2026/01/21 03:10:08 log.go:24: Pause:  false
APP: 2026/01/21 03:10:08 log.go:24: false
APP: 2026/01/21 03:10:08 log.go:24: Pause:  false
APP: 2026/01/21 03:10:08 log.go:24: true
APP: 2026/01/21 03:10:08 log.go:24: false
APP: 2026/01/21 03:10:08 log.go:24: Pause:  false
APP: 2026/01/21 03:10:08 log.go:24: true
APP: 2026/01/21 03:10:08 log.go:24: Pause:  false
APP: 2026/01/21 03:10:08 log.go:24: false
APP: 2026/01/21 03:10:08 log.go:24: Pause:  false
APP: 2026/01/21 03:10:08 log.go:24: true
APP: 2026/01/21 03:10:08 log.go:24: false
APP: 2026/01/21 03:10:08 log.go:24: Pause:  false
APP: 2026/01/21 03:10:08 log.go:24: true
APP: 2026/01/21 03:10:08 log.go:24: Pause:  false
APP: 2026/01/21 03:10:08 log.go:24: false
APP: 2026/01/21 03:10:09 log.go:24: true
APP: 2026/01/21 03:10:09 log.go:24: Pause:  false
APP: 2026/01/21 03:10:09 log.go:24: false
APP: 2026/01/21 03:10:09 log.go:24: Pause:  false
APP: 2026/01/21 03:10:09 log.go:24: true
APP: 2026/01/21 03:10:09 log.go:24: Pause:  false
APP: 2026/01/21 03:10:09 log.go:24: false
APP: 2026/01/21 03:10:09 log.go:24: true
APP: 2026/01/21 03:10:09 log.go:24: Pause:  false
APP: 2026/01/21 03:10:09 log.go:24: false
APP: 2026/01/21 03:10:09 log.go:24: Pause:  false
APP: 2026/01/21 03:10:09 log.go:24: true
APP: 2026/01/21 03:10:09 log.go:24: Pause:  false
APP: 2026/01/21 03:10:09 log.go:24: false
APP: 2026/01/21 03:10:09 log.go:24: Pause:  false
APP: 2026/01/21 03:10:09 log.go:24: true
APP: 2026/01/21 03:10:09 log.go:24: false
APP: 2026/01/21 03:10:09 log.go:24: Pause:  false
APP: 2026/01/21 03:10:09 log.go:24: true
APP: 2026/01/21 03:10:09 log.go:24: Pause:  false
APP: 2026/01/21 03:10:09 log.go:24: false
APP: 2026/01/21 03:10:09 log.go:24: true
APP: 2026/01/21 03:10:09 log.go:24: Pause:  false
APP: 2026/01/21 03:10:09 log.go:24: false
APP: 2026/01/21 03:10:09 log.go:24: Pause:  false
APP: 2026/01/21 03:10:09 log.go:24: true
APP: 2026/01/21 03:10:09 log.go:24: Pause:  false
APP: 2026/01/21 03:10:09 log.go:24: false
APP: 2026/01/21 03:10:09 log.go:24: Pause:  false
APP: 2026/01/21 03:10:09 log.go:24: true
APP: 2026/01/21 03:10:09 log.go:24: Pause:  false
APP: 2026/01/21 03:10:09 log.go:24: false
APP: 2026/01/21 03:10:09 log.go:24: Pause:  false
APP: 2026/01/21 03:10:09 log.go:24: true
APP: 2026/01/21 03:10:09 log.go:24: Pause:  false
APP: 2026/01/21 03:10:09 log.go:24: false
APP: 2026/01/21 03:10:09 log.go:24: Pause:  false
APP: 2026/01/21 03:10:09 log.go:24: true
APP: 2026/01/21 03:10:09 log.go:24: Pause:  false
APP: 2026/01/21 03:10:09 log.go:24: false
APP: 2026/01/21 03:10:09 log.go:24: Pause:  false
APP: 2026/01/21 03:10:09 log.go:24: true
APP: 2026/01/21 03:10:10 log.go:24: Pause:  false
APP: 2026/01/21 03:10:10 log.go:24: false
APP: 2026/01/21 03:10:10 log.go:24: Pause:  false
APP: 2026/01/21 03:10:10 log.go:24: true
APP: 2026/01/21 03:10:10 log.go:24: Pause:  false
APP: 2026/01/21 03:10:10 log.go:24: false
APP: 2026/01/21 03:10:10 log.go:24: Pause:  false
APP: 2026/01/21 03:10:10 log.go:24: true
APP: 2026/01/21 03:10:10 log.go:24: Pause:  false
APP: 2026/01/21 03:10:10 log.go:24: false
APP: 2026/01/21 03:10:10 log.go:24: Pause:  false
APP: 2026/01/21 03:10:10 log.go:24: true
APP: 2026/01/21 03:10:10 log.go:24: Pause:  false
APP: 2026/01/21 03:10:10 log.go:24: false
APP: 2026/01/21 03:10:10 log.go:24: Pause:  false
APP: 2026/01/21 03:10:10 log.go:24: true
APP: 2026/01/21 03:10:10 log.go:24: Pause:  false
APP: 2026/01/21 03:10:10 log.go:24: false
APP: 2026/01/21 03:10:10 log.go:24: true
APP: 2026/01/21 03:10:30 log.go:24: Initializing
APP: 2026/01/21 03:10:30 log.go:24: false
APP: 2026/01/21 03:10:30 log.go:24: Pause:  false
APP: 2026/01/21 03:10:30 log.go:24: true
APP: 2026/01/21 03:10:30 log.go:24: false
APP: 2026/01/21 03:10:31 log.go:24: Pause:  false
APP: 2026/01/21 03:10:31 log.go:24: true
APP: 2026/01/21 03:10:31 log.go:24: Pause:  false
APP: 2026/01/21 03:10:31 log.go:24: false
APP: 2026/01/21 03:10:32 log.go:24: true
APP: 2026/01/21 03:10:32 log.go:24: Pause:  true
APP: 2026/01/21 03:10:32 log.go:24: false
APP: 2026/01/21 03:10:33 log.go:24: true
APP: 2026/01/21 03:10:33 log.go:24: Pause:  false
APP: 2026/01/21 03:10:33 log.go:24: false
APP: 2026/01/21 03:10:34 log.go:24: Pause:  false
APP: 2026/01/21 03:10:34 log.go:24: true
APP: 2026/01/21 03:10:34 log.go:24: Pause:  false
APP: 2026/01/21 03:10:34 log.go:24: false
APP: 2026/01/21 03:10:35 log.go:24: Pause:  false
APP: 2026/01/21 03:10:35 log.go:24: true
APP: 2026/01/21 03:10:35 log.go:24: false
APP: 2026/01/21 03:10:35 log.go:24: Pause:  true
APP: 2026/01/21 03:10:35 log.go:24: true
APP: 2026/01/21 03:10:37 log.go:24: false
APP: 2026/01/21 03:10:37 log.go:24: Pause:  false
APP: 2026/01/21 03:10:37 log.go:24: true
APP: 2026/01/21 03:10:37 log.go:24: Pause:  false
APP: 2026/01/21 03:10:37 log.go:24: false
APP: 2026/01/21 03:10:38 log.go:24: Pause:  false
APP: 2026/01/21 03:10:38 log.go:24: true
APP: 2026/01/21 03:10:38 log.go:24: Pause:  false
APP: 2026/01/21 03:10:38 log.go:24: false
APP: 2026/01/21 03:10:39 log.go:24: Pause:  false
APP: 2026/01/21 03:10:39 log.go:24: true
APP: 2026/01/21 03:10:39 log.go:24: Pause:  false
APP: 2026/01/21 03:10:39 log.go:24: false
APP: 2026/01/21 03:10:39 log.go:24: true
APP: 2026/01/21 03:10:40 log.go:24: Pause:  true
APP: 2026/01/21 03:10:40 log.go:24: false
APP: 2026/01/21 03:10:41 log.go:24: true
APP: 2026/01/21 03:10:41 log.go:24: Pause:  false
APP: 2026/01/21 03:10:41 log.go:24: false
APP: 2026/01/21 03:10:42 log.go:24: Pause:  false
APP: 2026/01/21 03:10:42 log.go:24: true
APP: 2026/01/21 03:10:42 log.go:24: Pause:  false
APP: 2026/01/21 03:10:42 log.go:24: false
APP: 2026/01/21 03:10:43 log.go:24: Pause:  false
APP: 2026/01/21 03:10:43 log.go:24: true
APP: 2026/01/21 03:10:43 log.go:24: Pause:  false
APP: 2026/01/21 03:10:43 log.go:24: false
APP: 2026/01/21 03:10:44 log.go:24: Pause:  false
APP: 2026/01/21 03:10:44 log.go:24: true
APP: 2026/01/21 03:10:44 log.go:24: Pause:  false
APP: 2026/01/21 03:10:44 log.go:24: false
APP: 2026/01/21 03:10:44 log.go:24: true
APP: 2026/01/21 03:10:45 log.go:24: Pause:  true
APP: 2026/01/21 03:10:45 log.go:24: false
APP: 2026/01/21 03:10:47 log.go:24: true
APP: 2026/01/21 03:10:55 log.go:24: Initializing
APP: 2026/01/21 03:10:55 log.go:24: false
APP: 2026/01/21 03:10:55 log.go:24: Pause:  false
APP: 2026/01/21 03:10:55 log.go:24: true
APP: 2026/01/21 03:10:55 log.go:24: false
APP: 2026/01/21 03:10:56 log.go:24: Pause:  false
APP: 2026/01/21 03:10:56 log.go:24: true
APP: 2026/01/21 03:10:56 log.go:24: Pause:  false
APP: 2026/01/21 03:10:56 log.go:24: false
APP: 2026/01/21 03:10:57 log.go:24: true
APP: 2026/01/21 03:10:57 log.go:24: Pause:  true
APP: 2026/01/21 03:10:57 log.go:24: false
APP: 2026/01/21 03:10:58 log.go:24: true
APP: 2026/01/21 03:11:00 log.go:24: false
APP: 2026/01/21 03:11:01 log.go:24: true
APP: 2026/01/21 03:11:08 log.go:24: Initializing
APP: 2026/01/21 03:11:08 log.go:24: false
APP: 2026/01/21 03:11:08 log.go:24: Pause:  false
APP: 2026/01/21 03:11:08 log.go:24: true
APP: 2026/01/21 03:11:08 log.go:24: false
APP: 2026/01/21 03:11:09 log.go:24: Pause:  false
APP: 2026/01/21 03:11:09 log.go:24: true
APP: 2026/01/21 03:11:09 log.go:24: Pause:  false
APP: 2026/01/21 03:11:09 log.go:24: false
APP: 2026/01/21 03:11:10 log.go:24: Pause:  false
APP: 2026/01/21 03:11:10 log.go:24: true
APP: 2026/01/21 03:11:10 log.go:24: Pause:  false
APP: 2026/01/21 03:11:10 log.go:24: false
APP: 2026/01/21 03:11:11 log.go:24: Pause:  false
APP: 2026/01/21 03:11:11 log.go:24: true
APP: 2026/01/21 03:11:11 log.go:24: Pause:  false
APP: 2026/01/21 03:11:11 log.go:24: false
APP: 2026/01/21 03:11:12 log.go:24: Pause:  false
APP: 2026/01/21 03:11:12 log.go:24: true
APP: 2026/01/21 03:11:12 log.go:24: false
APP: 2026/01/21 03:11:12 log.go:24: Pause:  true
APP: 2026/01/21 03:11:12 log.go:24: true
APP: 2026/01/21 03:11:16 log.go:24: false
APP: 2026/01/21 03:11:16 log.go:24: true
APP: 2026/01/21 03:11:16 log.go:24: false
APP: 2026/01/21 03:11:16 log.go:24: true
APP: 2026/01/21 03:11:16 log.go:24: false
APP: 2026/01/21 03:11:16 log.go:24: true
APP: 2026/01/21 03:11:17 log.go:24: false
APP: 2026/01/21 03:11:17 log.go:24: true
APP: 2026/01/21 03:11:17 log.go:24: false
APP: 2026/01/21 03:11:18 log.go:24: true
APP: 2026/01/21 03:11:18 log.go:24: false
APP: 2026/01/21 03:11:18 log.go:24: true
APP: 2026/01/21 03:11:18 log.go:24: false
APP: 2026/01/21 03:12:52 log.go:24: Initializing
APP: 2026/01/21 03:12:52 log.go:24: false
APP: 2026/01/21 03:12:52 log.go:24: Pause:  false
APP: 2026/01/21 03:12:52 log.go:24: true
APP: 2026/01/21 03:12:52 log.go:24: false
APP: 2026/01/21 03:12:53 log.go:24: Pause:  false
APP: 2026/01/21 03:12:53 log.go:24: true
APP: 2026/01/21 03:12:53 log.go:24: Pause:  false
APP: 2026/01/21 03:12:53 log.go:24: false
APP: 2026/01/21 03:12:54 log.go:24: true
APP: 2026/01/21 03:12:54 log.go:24: Pause:  true
APP: 2026/01/21 03:12:54 log.go:24: false
APP: 2026/01/21 03:12:55 log.go:24: true
